2026-01-15 15:44:13,179 - __main__ - INFO - 🤖 Iniciando ASO Rank Guard Bot...
2026-01-15 15:44:13,179 - __main__ - INFO - 📱 Chat ID autorizado: 722751828
2026-01-15 15:44:13,212 - __main__ - INFO - ✅ Bot iniciado - Esperando comandos...
2026-01-15 15:44:13,212 - __main__ - INFO - 💡 Envía /start en Telegram para comenzar
2026-01-15 15:44:13,324 - httpx - INFO - HTTP Request: POST https://api.telegram.org/bot8531462519:AAFvX5PPyB177DUzylwgC8LMIUztrWPYfbI/getMe "HTTP/1.1 200 OK"
2026-01-15 15:44:13,362 - httpx - INFO - HTTP Request: POST https://api.telegram.org/bot8531462519:AAFvX5PPyB177DUzylwgC8LMIUztrWPYfbI/deleteWebhook "HTTP/1.1 200 OK"
2026-01-15 15:44:13,363 - telegram.ext.Application - INFO - Application started
2026-01-15 15:44:23,468 - httpx - INFO - HTTP Request: POST https://api.telegram.org/bot8531462519:AAFvX5PPyB177DUzylwgC8LMIUztrWPYfbI/getUpdates "HTTP/1.1 200 OK"
2026-01-15 15:44:33,509 - httpx - INFO - HTTP Request: POST https://api.telegram.org/bot8531462519:AAFvX5PPyB177DUzylwgC8LMIUztrWPYfbI/getUpdates "HTTP/1.1 200 OK"
2026-01-15 15:44:43,571 - httpx - INFO - HTTP Request: POST https://api.telegram.org/bot8531462519:AAFvX5PPyB177DUzylwgC8LMIUztrWPYfbI/getUpdates "HTTP/1.1 200 OK"
2026-01-15 15:44:53,622 - httpx - INFO - HTTP Request: POST https://api.telegram.org/bot8531462519:AAFvX5PPyB177DUzylwgC8LMIUztrWPYfbI/getUpdates "HTTP/1.1 200 OK"
2026-01-15 15:45:03,676 - httpx - INFO - HTTP Request: POST https://api.telegram.org/bot8531462519:AAFvX5PPyB177DUzylwgC8LMIUztrWPYfbI/getUpdates "HTTP/1.1 200 OK"
2026-01-15 15:45:13,719 - httpx - INFO - HTTP Request: POST https://api.telegram.org/bot8531462519:AAFvX5PPyB177DUzylwgC8LMIUztrWPYfbI/getUpdates "HTTP/1.1 200 OK"
2026-01-15 15:45:23,755 - httpx - INFO - HTTP Request: POST https://api.telegram.org/bot8531462519:AAFvX5PPyB177DUzylwgC8LMIUztrWPYfbI/getUpdates "HTTP/1.1 200 OK"
2026-01-15 15:45:33,801 - httpx - INFO - HTTP Request: POST https://api.telegram.org/bot8531462519:AAFvX5PPyB177DUzylwgC8LMIUztrWPYfbI/getUpdates "HTTP/1.1 200 OK"
2026-01-15 15:45:43,846 - httpx - INFO - HTTP Request: POST https://api.telegram.org/bot8531462519:AAFvX5PPyB177DUzylwgC8LMIUztrWPYfbI/getUpdates "HTTP/1.1 200 OK"
2026-01-15 15:45:53,884 - httpx - INFO - HTTP Request: POST https://api.telegram.org/bot8531462519:AAFvX5PPyB177DUzylwgC8LMIUztrWPYfbI/getUpdates "HTTP/1.1 200 OK"
2026-01-15 15:46:03,923 - httpx - INFO - HTTP Request: POST https://api.telegram.org/bot8531462519:AAFvX5PPyB177DUzylwgC8LMIUztrWPYfbI/getUpdates "HTTP/1.1 200 OK"
2026-01-15 15:46:13,969 - httpx - INFO - HTTP Request: POST https://api.telegram.org/bot8531462519:AAFvX5PPyB177DUzylwgC8LMIUztrWPYfbI/getUpdates "HTTP/1.1 200 OK"
2026-01-15 15:46:24,011 - httpx - INFO - HTTP Request: POST https://api.telegram.org/bot8531462519:AAFvX5PPyB177DUzylwgC8LMIUztrWPYfbI/getUpdates "HTTP/1.1 200 OK"
2026-01-15 15:46:34,055 - httpx - INFO - HTTP Request: POST https://api.telegram.org/bot8531462519:AAFvX5PPyB177DUzylwgC8LMIUztrWPYfbI/getUpdates "HTTP/1.1 200 OK"
2026-01-15 15:46:44,098 - httpx - INFO - HTTP Request: POST https://api.telegram.org/bot8531462519:AAFvX5PPyB177DUzylwgC8LMIUztrWPYfbI/getUpdates "HTTP/1.1 200 OK"
2026-01-15 15:46:54,137 - httpx - INFO - HTTP Request: POST https://api.telegram.org/bot8531462519:AAFvX5PPyB177DUzylwgC8LMIUztrWPYfbI/getUpdates "HTTP/1.1 200 OK"
2026-01-15 15:47:04,190 - httpx - INFO - HTTP Request: POST https://api.telegram.org/bot8531462519:AAFvX5PPyB177DUzylwgC8LMIUztrWPYfbI/getUpdates "HTTP/1.1 200 OK"
2026-01-15 15:47:14,229 - httpx - INFO - HTTP Request: POST https://api.telegram.org/bot8531462519:AAFvX5PPyB177DUzylwgC8LMIUztrWPYfbI/getUpdates "HTTP/1.1 200 OK"
2026-01-15 15:47:24,273 - httpx - INFO - HTTP Request: POST https://api.telegram.org/bot8531462519:AAFvX5PPyB177DUzylwgC8LMIUztrWPYfbI/getUpdates "HTTP/1.1 200 OK"
2026-01-15 15:47:34,317 - httpx - INFO - HTTP Request: POST https://api.telegram.org/bot8531462519:AAFvX5PPyB177DUzylwgC8LMIUztrWPYfbI/getUpdates "HTTP/1.1 200 OK"
2026-01-15 15:47:44,370 - httpx - INFO - HTTP Request: POST https://api.telegram.org/bot8531462519:AAFvX5PPyB177DUzylwgC8LMIUztrWPYfbI/getUpdates "HTTP/1.1 200 OK"
2026-01-15 15:47:54,413 - httpx - INFO - HTTP Request: POST https://api.telegram.org/bot8531462519:AAFvX5PPyB177DUzylwgC8LMIUztrWPYfbI/getUpdates "HTTP/1.1 200 OK"
2026-01-15 15:48:04,454 - httpx - INFO - HTTP Request: POST https://api.telegram.org/bot8531462519:AAFvX5PPyB177DUzylwgC8LMIUztrWPYfbI/getUpdates "HTTP/1.1 200 OK"
2026-01-15 15:48:14,563 - httpx - INFO - HTTP Request: POST https://api.telegram.org/bot8531462519:AAFvX5PPyB177DUzylwgC8LMIUztrWPYfbI/getUpdates "HTTP/1.1 200 OK"
2026-01-15 15:48:24,607 - httpx - INFO - HTTP Request: POST https://api.telegram.org/bot8531462519:AAFvX5PPyB177DUzylwgC8LMIUztrWPYfbI/getUpdates "HTTP/1.1 200 OK"
2026-01-15 15:48:34,656 - httpx - INFO - HTTP Request: POST https://api.telegram.org/bot8531462519:AAFvX5PPyB177DUzylwgC8LMIUztrWPYfbI/getUpdates "HTTP/1.1 200 OK"
2026-01-15 15:48:44,702 - httpx - INFO - HTTP Request: POST https://api.telegram.org/bot8531462519:AAFvX5PPyB177DUzylwgC8LMIUztrWPYfbI/getUpdates "HTTP/1.1 200 OK"
2026-01-15 15:48:54,744 - httpx - INFO - HTTP Request: POST https://api.telegram.org/bot8531462519:AAFvX5PPyB177DUzylwgC8LMIUztrWPYfbI/getUpdates "HTTP/1.1 200 OK"
2026-01-15 15:49:04,789 - httpx - INFO - HTTP Request: POST https://api.telegram.org/bot8531462519:AAFvX5PPyB177DUzylwgC8LMIUztrWPYfbI/getUpdates "HTTP/1.1 200 OK"
2026-01-15 15:49:14,826 - httpx - INFO - HTTP Request: POST https://api.telegram.org/bot8531462519:AAFvX5PPyB177DUzylwgC8LMIUztrWPYfbI/getUpdates "HTTP/1.1 200 OK"
2026-01-15 15:49:24,872 - httpx - INFO - HTTP Request: POST https://api.telegram.org/bot8531462519:AAFvX5PPyB177DUzylwgC8LMIUztrWPYfbI/getUpdates "HTTP/1.1 200 OK"
2026-01-15 15:49:34,912 - httpx - INFO - HTTP Request: POST https://api.telegram.org/bot8531462519:AAFvX5PPyB177DUzylwgC8LMIUztrWPYfbI/getUpdates "HTTP/1.1 200 OK"
2026-01-15 15:49:44,954 - httpx - INFO - HTTP Request: POST https://api.telegram.org/bot8531462519:AAFvX5PPyB177DUzylwgC8LMIUztrWPYfbI/getUpdates "HTTP/1.1 200 OK"
2026-01-15 15:49:54,995 - httpx - INFO - HTTP Request: POST https://api.telegram.org/bot8531462519:AAFvX5PPyB177DUzylwgC8LMIUztrWPYfbI/getUpdates "HTTP/1.1 200 OK"
2026-01-15 15:50:05,036 - httpx - INFO - HTTP Request: POST https://api.telegram.org/bot8531462519:AAFvX5PPyB177DUzylwgC8LMIUztrWPYfbI/getUpdates "HTTP/1.1 200 OK"
2026-01-15 15:50:15,076 - httpx - INFO - HTTP Request: POST https://api.telegram.org/bot8531462519:AAFvX5PPyB177DUzylwgC8LMIUztrWPYfbI/getUpdates "HTTP/1.1 200 OK"
2026-01-15 15:50:25,113 - httpx - INFO - HTTP Request: POST https://api.telegram.org/bot8531462519:AAFvX5PPyB177DUzylwgC8LMIUztrWPYfbI/getUpdates "HTTP/1.1 200 OK"
2026-01-15 15:50:35,167 - httpx - INFO - HTTP Request: POST https://api.telegram.org/bot8531462519:AAFvX5PPyB177DUzylwgC8LMIUztrWPYfbI/getUpdates "HTTP/1.1 200 OK"
2026-01-15 15:50:45,214 - httpx - INFO - HTTP Request: POST https://api.telegram.org/bot8531462519:AAFvX5PPyB177DUzylwgC8LMIUztrWPYfbI/getUpdates "HTTP/1.1 200 OK"
2026-01-15 15:50:55,260 - httpx - INFO - HTTP Request: POST https://api.telegram.org/bot8531462519:AAFvX5PPyB177DUzylwgC8LMIUztrWPYfbI/getUpdates "HTTP/1.1 200 OK"
2026-01-15 15:51:05,301 - httpx - INFO - HTTP Request: POST https://api.telegram.org/bot8531462519:AAFvX5PPyB177DUzylwgC8LMIUztrWPYfbI/getUpdates "HTTP/1.1 200 OK"
2026-01-15 15:51:15,341 - httpx - INFO - HTTP Request: POST https://api.telegram.org/bot8531462519:AAFvX5PPyB177DUzylwgC8LMIUztrWPYfbI/getUpdates "HTTP/1.1 200 OK"
2026-01-15 15:51:25,384 - httpx - INFO - HTTP Request: POST https://api.telegram.org/bot8531462519:AAFvX5PPyB177DUzylwgC8LMIUztrWPYfbI/getUpdates "HTTP/1.1 200 OK"
2026-01-15 15:51:35,435 - httpx - INFO - HTTP Request: POST https://api.telegram.org/bot8531462519:AAFvX5PPyB177DUzylwgC8LMIUztrWPYfbI/getUpdates "HTTP/1.1 200 OK"
2026-01-15 15:51:45,481 - httpx - INFO - HTTP Request: POST https://api.telegram.org/bot8531462519:AAFvX5PPyB177DUzylwgC8LMIUztrWPYfbI/getUpdates "HTTP/1.1 200 OK"
2026-01-15 15:51:55,529 - httpx - INFO - HTTP Request: POST https://api.telegram.org/bot8531462519:AAFvX5PPyB177DUzylwgC8LMIUztrWPYfbI/getUpdates "HTTP/1.1 200 OK"
2026-01-15 15:52:05,574 - httpx - INFO - HTTP Request: POST https://api.telegram.org/bot8531462519:AAFvX5PPyB177DUzylwgC8LMIUztrWPYfbI/getUpdates "HTTP/1.1 200 OK"
2026-01-15 15:52:15,616 - httpx - INFO - HTTP Request: POST https://api.telegram.org/bot8531462519:AAFvX5PPyB177DUzylwgC8LMIUztrWPYfbI/getUpdates "HTTP/1.1 200 OK"
2026-01-15 15:52:25,654 - httpx - INFO - HTTP Request: POST https://api.telegram.org/bot8531462519:AAFvX5PPyB177DUzylwgC8LMIUztrWPYfbI/getUpdates "HTTP/1.1 200 OK"
2026-01-15 15:52:35,697 - httpx - INFO - HTTP Request: POST https://api.telegram.org/bot8531462519:AAFvX5PPyB177DUzylwgC8LMIUztrWPYfbI/getUpdates "HTTP/1.1 200 OK"
2026-01-15 15:52:45,739 - httpx - INFO - HTTP Request: POST https://api.telegram.org/bot8531462519:AAFvX5PPyB177DUzylwgC8LMIUztrWPYfbI/getUpdates "HTTP/1.1 200 OK"
2026-01-15 15:52:55,784 - httpx - INFO - HTTP Request: POST https://api.telegram.org/bot8531462519:AAFvX5PPyB177DUzylwgC8LMIUztrWPYfbI/getUpdates "HTTP/1.1 200 OK"
2026-01-15 15:53:05,828 - httpx - INFO - HTTP Request: POST https://api.telegram.org/bot8531462519:AAFvX5PPyB177DUzylwgC8LMIUztrWPYfbI/getUpdates "HTTP/1.1 200 OK"
2026-01-15 15:53:15,865 - httpx - INFO - HTTP Request: POST https://api.telegram.org/bot8531462519:AAFvX5PPyB177DUzylwgC8LMIUztrWPYfbI/getUpdates "HTTP/1.1 200 OK"
2026-01-15 15:53:25,905 - httpx - INFO - HTTP Request: POST https://api.telegram.org/bot8531462519:AAFvX5PPyB177DUzylwgC8LMIUztrWPYfbI/getUpdates "HTTP/1.1 200 OK"
2026-01-15 15:53:35,948 - httpx - INFO - HTTP Request: POST https://api.telegram.org/bot8531462519:AAFvX5PPyB177DUzylwgC8LMIUztrWPYfbI/getUpdates "HTTP/1.1 200 OK"
2026-01-15 15:53:46,010 - httpx - INFO - HTTP Request: POST https://api.telegram.org/bot8531462519:AAFvX5PPyB177DUzylwgC8LMIUztrWPYfbI/getUpdates "HTTP/1.1 200 OK"
2026-01-15 15:53:56,048 - httpx - INFO - HTTP Request: POST https://api.telegram.org/bot8531462519:AAFvX5PPyB177DUzylwgC8LMIUztrWPYfbI/getUpdates "HTTP/1.1 200 OK"
2026-01-15 15:54:06,092 - httpx - INFO - HTTP Request: POST https://api.telegram.org/bot8531462519:AAFvX5PPyB177DUzylwgC8LMIUztrWPYfbI/getUpdates "HTTP/1.1 200 OK"
2026-01-15 15:54:16,135 - httpx - INFO - HTTP Request: POST https://api.telegram.org/bot8531462519:AAFvX5PPyB177DUzylwgC8LMIUztrWPYfbI/getUpdates "HTTP/1.1 200 OK"
2026-01-15 15:54:26,175 - httpx - INFO - HTTP Request: POST https://api.telegram.org/bot8531462519:AAFvX5PPyB177DUzylwgC8LMIUztrWPYfbI/getUpdates "HTTP/1.1 200 OK"
2026-01-15 15:54:36,216 - httpx - INFO - HTTP Request: POST https://api.telegram.org/bot8531462519:AAFvX5PPyB177DUzylwgC8LMIUztrWPYfbI/getUpdates "HTTP/1.1 200 OK"
2026-01-15 15:54:46,257 - httpx - INFO - HTTP Request: POST https://api.telegram.org/bot8531462519:AAFvX5PPyB177DUzylwgC8LMIUztrWPYfbI/getUpdates "HTTP/1.1 200 OK"
2026-01-15 15:54:56,295 - httpx - INFO - HTTP Request: POST https://api.telegram.org/bot8531462519:AAFvX5PPyB177DUzylwgC8LMIUztrWPYfbI/getUpdates "HTTP/1.1 200 OK"
2026-01-15 15:55:06,338 - httpx - INFO - HTTP Request: POST https://api.telegram.org/bot8531462519:AAFvX5PPyB177DUzylwgC8LMIUztrWPYfbI/getUpdates "HTTP/1.1 200 OK"
2026-01-15 15:55:16,406 - httpx - INFO - HTTP Request: POST https://api.telegram.org/bot8531462519:AAFvX5PPyB177DUzylwgC8LMIUztrWPYfbI/getUpdates "HTTP/1.1 200 OK"
2026-01-15 15:55:26,468 - httpx - INFO - HTTP Request: POST https://api.telegram.org/bot8531462519:AAFvX5PPyB177DUzylwgC8LMIUztrWPYfbI/getUpdates "HTTP/1.1 200 OK"
2026-01-15 15:55:36,515 - httpx - INFO - HTTP Request: POST https://api.telegram.org/bot8531462519:AAFvX5PPyB177DUzylwgC8LMIUztrWPYfbI/getUpdates "HTTP/1.1 200 OK"
2026-01-15 15:55:46,565 - httpx - INFO - HTTP Request: POST https://api.telegram.org/bot8531462519:AAFvX5PPyB177DUzylwgC8LMIUztrWPYfbI/getUpdates "HTTP/1.1 200 OK"
2026-01-15 15:55:56,613 - httpx - INFO - HTTP Request: POST https://api.telegram.org/bot8531462519:AAFvX5PPyB177DUzylwgC8LMIUztrWPYfbI/getUpdates "HTTP/1.1 200 OK"
2026-01-15 15:56:06,660 - httpx - INFO - HTTP Request: POST https://api.telegram.org/bot8531462519:AAFvX5PPyB177DUzylwgC8LMIUztrWPYfbI/getUpdates "HTTP/1.1 200 OK"
2026-01-15 15:56:16,699 - httpx - INFO - HTTP Request: POST https://api.telegram.org/bot8531462519:AAFvX5PPyB177DUzylwgC8LMIUztrWPYfbI/getUpdates "HTTP/1.1 200 OK"
2026-01-15 15:56:26,756 - httpx - INFO - HTTP Request: POST https://api.telegram.org/bot8531462519:AAFvX5PPyB177DUzylwgC8LMIUztrWPYfbI/getUpdates "HTTP/1.1 200 OK"
2026-01-15 15:56:36,837 - httpx - INFO - HTTP Request: POST https://api.telegram.org/bot8531462519:AAFvX5PPyB177DUzylwgC8LMIUztrWPYfbI/getUpdates "HTTP/1.1 200 OK"
2026-01-15 15:56:38,628 - httpx - INFO - HTTP Request: POST https://api.telegram.org/bot8531462519:AAFvX5PPyB177DUzylwgC8LMIUztrWPYfbI/getUpdates "HTTP/1.1 200 OK"
2026-01-15 15:56:38,814 - httpx - INFO - HTTP Request: POST https://api.telegram.org/bot8531462519:AAFvX5PPyB177DUzylwgC8LMIUztrWPYfbI/sendMessage "HTTP/1.1 200 OK"
2026-01-15 15:56:48,713 - httpx - INFO - HTTP Request: POST https://api.telegram.org/bot8531462519:AAFvX5PPyB177DUzylwgC8LMIUztrWPYfbI/getUpdates "HTTP/1.1 200 OK"
2026-01-15 15:56:49,504 - httpx - INFO - HTTP Request: POST https://api.telegram.org/bot8531462519:AAFvX5PPyB177DUzylwgC8LMIUztrWPYfbI/getUpdates "HTTP/1.1 200 OK"
2026-01-15 15:56:49,669 - httpx - INFO - HTTP Request: POST https://api.telegram.org/bot8531462519:AAFvX5PPyB177DUzylwgC8LMIUztrWPYfbI/sendMessage "HTTP/1.1 200 OK"
2026-01-15 15:56:59,553 - httpx - INFO - HTTP Request: POST https://api.telegram.org/bot8531462519:AAFvX5PPyB177DUzylwgC8LMIUztrWPYfbI/getUpdates "HTTP/1.1 200 OK"
2026-01-15 15:57:01,160 - httpx - INFO - HTTP Request: POST https://api.telegram.org/bot8531462519:AAFvX5PPyB177DUzylwgC8LMIUztrWPYfbI/getUpdates "HTTP/1.1 200 OK"
2026-01-15 15:57:01,405 - httpx - INFO - HTTP Request: POST https://api.telegram.org/bot8531462519:AAFvX5PPyB177DUzylwgC8LMIUztrWPYfbI/sendMessage "HTTP/1.1 200 OK"
2026-01-15 15:57:11,237 - httpx - INFO - HTTP Request: POST https://api.telegram.org/bot8531462519:AAFvX5PPyB177DUzylwgC8LMIUztrWPYfbI/getUpdates "HTTP/1.1 200 OK"
2026-01-15 15:57:21,279 - httpx - INFO - HTTP Request: POST https://api.telegram.org/bot8531462519:AAFvX5PPyB177DUzylwgC8LMIUztrWPYfbI/getUpdates "HTTP/1.1 200 OK"
2026-01-15 15:57:31,317 - httpx - INFO - HTTP Request: POST https://api.telegram.org/bot8531462519:AAFvX5PPyB177DUzylwgC8LMIUztrWPYfbI/getUpdates "HTTP/1.1 200 OK"
2026-01-15 15:57:41,359 - httpx - INFO - HTTP Request: POST https://api.telegram.org/bot8531462519:AAFvX5PPyB177DUzylwgC8LMIUztrWPYfbI/getUpdates "HTTP/1.1 200 OK"
2026-01-15 15:57:51,400 - httpx - INFO - HTTP Request: POST https://api.telegram.org/bot8531462519:AAFvX5PPyB177DUzylwgC8LMIUztrWPYfbI/getUpdates "HTTP/1.1 200 OK"
2026-01-15 15:58:01,449 - httpx - INFO - HTTP Request: POST https://api.telegram.org/bot8531462519:AAFvX5PPyB177DUzylwgC8LMIUztrWPYfbI/getUpdates "HTTP/1.1 200 OK"
2026-01-15 15:58:11,486 - httpx - INFO - HTTP Request: POST https://api.telegram.org/bot8531462519:AAFvX5PPyB177DUzylwgC8LMIUztrWPYfbI/getUpdates "HTTP/1.1 200 OK"
2026-01-15 15:58:21,527 - httpx - INFO - HTTP Request: POST https://api.telegram.org/bot8531462519:AAFvX5PPyB177DUzylwgC8LMIUztrWPYfbI/getUpdates "HTTP/1.1 200 OK"
2026-01-15 15:58:31,580 - httpx - INFO - HTTP Request: POST https://api.telegram.org/bot8531462519:AAFvX5PPyB177DUzylwgC8LMIUztrWPYfbI/getUpdates "HTTP/1.1 200 OK"
2026-01-15 15:58:41,629 - httpx - INFO - HTTP Request: POST https://api.telegram.org/bot8531462519:AAFvX5PPyB177DUzylwgC8LMIUztrWPYfbI/getUpdates "HTTP/1.1 200 OK"
2026-01-15 15:58:51,669 - httpx - INFO - HTTP Request: POST https://api.telegram.org/bot8531462519:AAFvX5PPyB177DUzylwgC8LMIUztrWPYfbI/getUpdates "HTTP/1.1 200 OK"
2026-01-15 15:59:01,746 - httpx - INFO - HTTP Request: POST https://api.telegram.org/bot8531462519:AAFvX5PPyB177DUzylwgC8LMIUztrWPYfbI/getUpdates "HTTP/1.1 200 OK"
2026-01-15 15:59:11,788 - httpx - INFO - HTTP Request: POST https://api.telegram.org/bot8531462519:AAFvX5PPyB177DUzylwgC8LMIUztrWPYfbI/getUpdates "HTTP/1.1 200 OK"
2026-01-15 15:59:21,349 - httpx - INFO - HTTP Request: POST https://api.telegram.org/bot8531462519:AAFvX5PPyB177DUzylwgC8LMIUztrWPYfbI/getUpdates "HTTP/1.1 200 OK"
2026-01-15 15:59:21,529 - httpx - INFO - HTTP Request: POST https://api.telegram.org/bot8531462519:AAFvX5PPyB177DUzylwgC8LMIUztrWPYfbI/sendMessage "HTTP/1.1 200 OK"
2026-01-15 15:59:31,418 - httpx - INFO - HTTP Request: POST https://api.telegram.org/bot8531462519:AAFvX5PPyB177DUzylwgC8LMIUztrWPYfbI/getUpdates "HTTP/1.1 200 OK"
2026-01-15 15:59:41,462 - httpx - INFO - HTTP Request: POST https://api.telegram.org/bot8531462519:AAFvX5PPyB177DUzylwgC8LMIUztrWPYfbI/getUpdates "HTTP/1.1 200 OK"
2026-01-15 15:59:51,502 - httpx - INFO - HTTP Request: POST https://api.telegram.org/bot8531462519:AAFvX5PPyB177DUzylwgC8LMIUztrWPYfbI/getUpdates "HTTP/1.1 200 OK"
2026-01-15 16:00:01,543 - httpx - INFO - HTTP Request: POST https://api.telegram.org/bot8531462519:AAFvX5PPyB177DUzylwgC8LMIUztrWPYfbI/getUpdates "HTTP/1.1 200 OK"
2026-01-15 16:00:02,531 - httpx - INFO - HTTP Request: POST https://api.telegram.org/bot8531462519:AAFvX5PPyB177DUzylwgC8LMIUztrWPYfbI/getUpdates "HTTP/1.1 200 OK"
2026-01-15 16:00:07,599 - httpx - INFO - HTTP Request: POST https://api.telegram.org/bot8531462519:AAFvX5PPyB177DUzylwgC8LMIUztrWPYfbI/getUpdates "HTTP/1.1 200 OK"
2026-01-15 16:00:07,755 - httpx - INFO - HTTP Request: POST https://api.telegram.org/bot8531462519:AAFvX5PPyB177DUzylwgC8LMIUztrWPYfbI/sendMessage "HTTP/1.1 200 OK"
2026-01-15 16:00:17,651 - httpx - INFO - HTTP Request: POST https://api.telegram.org/bot8531462519:AAFvX5PPyB177DUzylwgC8LMIUztrWPYfbI/getUpdates "HTTP/1.1 200 OK"
2026-01-15 16:00:19,106 - httpx - INFO - HTTP Request: POST https://api.telegram.org/bot8531462519:AAFvX5PPyB177DUzylwgC8LMIUztrWPYfbI/getUpdates "HTTP/1.1 200 OK"
2026-01-15 16:00:19,254 - httpx - INFO - HTTP Request: POST https://api.telegram.org/bot8531462519:AAFvX5PPyB177DUzylwgC8LMIUztrWPYfbI/sendMessage "HTTP/1.1 200 OK"
2026-01-15 16:00:29,159 - httpx - INFO - HTTP Request: POST https://api.telegram.org/bot8531462519:AAFvX5PPyB177DUzylwgC8LMIUztrWPYfbI/getUpdates "HTTP/1.1 200 OK"
2026-01-15 16:00:39,227 - httpx - INFO - HTTP Request: POST https://api.telegram.org/bot8531462519:AAFvX5PPyB177DUzylwgC8LMIUztrWPYfbI/getUpdates "HTTP/1.1 200 OK"
2026-01-15 16:00:49,266 - httpx - INFO - HTTP Request: POST https://api.telegram.org/bot8531462519:AAFvX5PPyB177DUzylwgC8LMIUztrWPYfbI/getUpdates "HTTP/1.1 200 OK"
2026-01-15 16:00:59,303 - httpx - INFO - HTTP Request: POST https://api.telegram.org/bot8531462519:AAFvX5PPyB177DUzylwgC8LMIUztrWPYfbI/getUpdates "HTTP/1.1 200 OK"
2026-01-15 16:01:09,342 - httpx - INFO - HTTP Request: POST https://api.telegram.org/bot8531462519:AAFvX5PPyB177DUzylwgC8LMIUztrWPYfbI/getUpdates "HTTP/1.1 200 OK"
2026-01-15 16:01:19,380 - httpx - INFO - HTTP Request: POST https://api.telegram.org/bot8531462519:AAFvX5PPyB177DUzylwgC8LMIUztrWPYfbI/getUpdates "HTTP/1.1 200 OK"
2026-01-15 16:01:29,424 - httpx - INFO - HTTP Request: POST https://api.telegram.org/bot8531462519:AAFvX5PPyB177DUzylwgC8LMIUztrWPYfbI/getUpdates "HTTP/1.1 200 OK"
2026-01-15 16:01:39,467 - httpx - INFO - HTTP Request: POST https://api.telegram.org/bot8531462519:AAFvX5PPyB177DUzylwgC8LMIUztrWPYfbI/getUpdates "HTTP/1.1 200 OK"
2026-01-15 16:01:49,506 - httpx - INFO - HTTP Request: POST https://api.telegram.org/bot8531462519:AAFvX5PPyB177DUzylwgC8LMIUztrWPYfbI/getUpdates "HTTP/1.1 200 OK"
2026-01-15 16:01:59,542 - httpx - INFO - HTTP Request: POST https://api.telegram.org/bot8531462519:AAFvX5PPyB177DUzylwgC8LMIUztrWPYfbI/getUpdates "HTTP/1.1 200 OK"
2026-01-15 16:02:09,579 - httpx - INFO - HTTP Request: POST https://api.telegram.org/bot8531462519:AAFvX5PPyB177DUzylwgC8LMIUztrWPYfbI/getUpdates "HTTP/1.1 200 OK"
2026-01-15 16:02:19,617 - httpx - INFO - HTTP Request: POST https://api.telegram.org/bot8531462519:AAFvX5PPyB177DUzylwgC8LMIUztrWPYfbI/getUpdates "HTTP/1.1 200 OK"
2026-01-15 16:02:29,655 - httpx - INFO - HTTP Request: POST https://api.telegram.org/bot8531462519:AAFvX5PPyB177DUzylwgC8LMIUztrWPYfbI/getUpdates "HTTP/1.1 200 OK"
2026-01-15 16:02:39,695 - httpx - INFO - HTTP Request: POST https://api.telegram.org/bot8531462519:AAFvX5PPyB177DUzylwgC8LMIUztrWPYfbI/getUpdates "HTTP/1.1 200 OK"
2026-01-15 16:02:49,746 - httpx - INFO - HTTP Request: POST https://api.telegram.org/bot8531462519:AAFvX5PPyB177DUzylwgC8LMIUztrWPYfbI/getUpdates "HTTP/1.1 200 OK"
2026-01-15 16:02:59,786 - httpx - INFO - HTTP Request: POST https://api.telegram.org/bot8531462519:AAFvX5PPyB177DUzylwgC8LMIUztrWPYfbI/getUpdates "HTTP/1.1 200 OK"
2026-01-15 16:03:09,823 - httpx - INFO - HTTP Request: POST https://api.telegram.org/bot8531462519:AAFvX5PPyB177DUzylwgC8LMIUztrWPYfbI/getUpdates "HTTP/1.1 200 OK"
2026-01-15 16:03:19,860 - httpx - INFO - HTTP Request: POST https://api.telegram.org/bot8531462519:AAFvX5PPyB177DUzylwgC8LMIUztrWPYfbI/getUpdates "HTTP/1.1 200 OK"
2026-01-15 16:03:29,902 - httpx - INFO - HTTP Request: POST https://api.telegram.org/bot8531462519:AAFvX5PPyB177DUzylwgC8LMIUztrWPYfbI/getUpdates "HTTP/1.1 200 OK"
2026-01-15 16:03:39,941 - httpx - INFO - HTTP Request: POST https://api.telegram.org/bot8531462519:AAFvX5PPyB177DUzylwgC8LMIUztrWPYfbI/getUpdates "HTTP/1.1 200 OK"
2026-01-15 16:03:49,979 - httpx - INFO - HTTP Request: POST https://api.telegram.org/bot8531462519:AAFvX5PPyB177DUzylwgC8LMIUztrWPYfbI/getUpdates "HTTP/1.1 200 OK"
2026-01-15 16:04:00,018 - httpx - INFO - HTTP Request: POST https://api.telegram.org/bot8531462519:AAFvX5PPyB177DUzylwgC8LMIUztrWPYfbI/getUpdates "HTTP/1.1 200 OK"
2026-01-15 16:04:10,057 - httpx - INFO - HTTP Request: POST https://api.telegram.org/bot8531462519:AAFvX5PPyB177DUzylwgC8LMIUztrWPYfbI/getUpdates "HTTP/1.1 200 OK"
2026-01-15 16:04:20,095 - httpx - INFO - HTTP Request: POST https://api.telegram.org/bot8531462519:AAFvX5PPyB177DUzylwgC8LMIUztrWPYfbI/getUpdates "HTTP/1.1 200 OK"
2026-01-15 16:04:30,139 - httpx - INFO - HTTP Request: POST https://api.telegram.org/bot8531462519:AAFvX5PPyB177DUzylwgC8LMIUztrWPYfbI/getUpdates "HTTP/1.1 200 OK"
2026-01-15 16:04:40,179 - httpx - INFO - HTTP Request: POST https://api.telegram.org/bot8531462519:AAFvX5PPyB177DUzylwgC8LMIUztrWPYfbI/getUpdates "HTTP/1.1 200 OK"
2026-01-15 16:04:50,233 - httpx - INFO - HTTP Request: POST https://api.telegram.org/bot8531462519:AAFvX5PPyB177DUzylwgC8LMIUztrWPYfbI/getUpdates "HTTP/1.1 200 OK"
2026-01-15 16:05:00,270 - httpx - INFO - HTTP Request: POST https://api.telegram.org/bot8531462519:AAFvX5PPyB177DUzylwgC8LMIUztrWPYfbI/getUpdates "HTTP/1.1 200 OK"
2026-01-15 16:05:10,309 - httpx - INFO - HTTP Request: POST https://api.telegram.org/bot8531462519:AAFvX5PPyB177DUzylwgC8LMIUztrWPYfbI/getUpdates "HTTP/1.1 200 OK"
2026-01-15 16:05:20,348 - httpx - INFO - HTTP Request: POST https://api.telegram.org/bot8531462519:AAFvX5PPyB177DUzylwgC8LMIUztrWPYfbI/getUpdates "HTTP/1.1 200 OK"
2026-01-15 16:05:30,387 - httpx - INFO - HTTP Request: POST https://api.telegram.org/bot8531462519:AAFvX5PPyB177DUzylwgC8LMIUztrWPYfbI/getUpdates "HTTP/1.1 200 OK"
2026-01-15 16:05:40,427 - httpx - INFO - HTTP Request: POST https://api.telegram.org/bot8531462519:AAFvX5PPyB177DUzylwgC8LMIUztrWPYfbI/getUpdates "HTTP/1.1 200 OK"
2026-01-15 16:05:50,468 - httpx - INFO - HTTP Request: POST https://api.telegram.org/bot8531462519:AAFvX5PPyB177DUzylwgC8LMIUztrWPYfbI/getUpdates "HTTP/1.1 200 OK"
2026-01-15 16:06:00,505 - httpx - INFO - HTTP Request: POST https://api.telegram.org/bot8531462519:AAFvX5PPyB177DUzylwgC8LMIUztrWPYfbI/getUpdates "HTTP/1.1 200 OK"
2026-01-15 16:06:10,541 - httpx - INFO - HTTP Request: POST https://api.telegram.org/bot8531462519:AAFvX5PPyB177DUzylwgC8LMIUztrWPYfbI/getUpdates "HTTP/1.1 200 OK"
2026-01-15 16:06:20,580 - httpx - INFO - HTTP Request: POST https://api.telegram.org/bot8531462519:AAFvX5PPyB177DUzylwgC8LMIUztrWPYfbI/getUpdates "HTTP/1.1 200 OK"
2026-01-15 16:06:30,617 - httpx - INFO - HTTP Request: POST https://api.telegram.org/bot8531462519:AAFvX5PPyB177DUzylwgC8LMIUztrWPYfbI/getUpdates "HTTP/1.1 200 OK"
2026-01-15 16:06:40,657 - httpx - INFO - HTTP Request: POST https://api.telegram.org/bot8531462519:AAFvX5PPyB177DUzylwgC8LMIUztrWPYfbI/getUpdates "HTTP/1.1 200 OK"
2026-01-15 16:06:50,694 - httpx - INFO - HTTP Request: POST https://api.telegram.org/bot8531462519:AAFvX5PPyB177DUzylwgC8LMIUztrWPYfbI/getUpdates "HTTP/1.1 200 OK"
2026-01-15 16:07:00,735 - httpx - INFO - HTTP Request: POST https://api.telegram.org/bot8531462519:AAFvX5PPyB177DUzylwgC8LMIUztrWPYfbI/getUpdates "HTTP/1.1 200 OK"
2026-01-15 16:07:10,774 - httpx - INFO - HTTP Request: POST https://api.telegram.org/bot8531462519:AAFvX5PPyB177DUzylwgC8LMIUztrWPYfbI/getUpdates "HTTP/1.1 200 OK"
2026-01-15 16:07:20,811 - httpx - INFO - HTTP Request: POST https://api.telegram.org/bot8531462519:AAFvX5PPyB177DUzylwgC8LMIUztrWPYfbI/getUpdates "HTTP/1.1 200 OK"
2026-01-15 16:07:30,852 - httpx - INFO - HTTP Request: POST https://api.telegram.org/bot8531462519:AAFvX5PPyB177DUzylwgC8LMIUztrWPYfbI/getUpdates "HTTP/1.1 200 OK"
2026-01-15 16:07:40,902 - httpx - INFO - HTTP Request: POST https://api.telegram.org/bot8531462519:AAFvX5PPyB177DUzylwgC8LMIUztrWPYfbI/getUpdates "HTTP/1.1 200 OK"
2026-01-15 16:07:50,940 - httpx - INFO - HTTP Request: POST https://api.telegram.org/bot8531462519:AAFvX5PPyB177DUzylwgC8LMIUztrWPYfbI/getUpdates "HTTP/1.1 200 OK"
2026-01-15 16:08:00,979 - httpx - INFO - HTTP Request: POST https://api.telegram.org/bot8531462519:AAFvX5PPyB177DUzylwgC8LMIUztrWPYfbI/getUpdates "HTTP/1.1 200 OK"
2026-01-15 16:08:11,019 - httpx - INFO - HTTP Request: POST https://api.telegram.org/bot8531462519:AAFvX5PPyB177DUzylwgC8LMIUztrWPYfbI/getUpdates "HTTP/1.1 200 OK"
2026-01-15 16:08:21,058 - httpx - INFO - HTTP Request: POST https://api.telegram.org/bot8531462519:AAFvX5PPyB177DUzylwgC8LMIUztrWPYfbI/getUpdates "HTTP/1.1 200 OK"
2026-01-15 16:08:31,100 - httpx - INFO - HTTP Request: POST https://api.telegram.org/bot8531462519:AAFvX5PPyB177DUzylwgC8LMIUztrWPYfbI/getUpdates "HTTP/1.1 200 OK"
2026-01-15 16:08:36,806 - httpx - INFO - HTTP Request: POST https://api.telegram.org/bot8531462519:AAFvX5PPyB177DUzylwgC8LMIUztrWPYfbI/getUpdates "HTTP/1.1 200 OK"
2026-01-15 16:08:36,978 - httpx - INFO - HTTP Request: POST https://api.telegram.org/bot8531462519:AAFvX5PPyB177DUzylwgC8LMIUztrWPYfbI/sendMessage "HTTP/1.1 200 OK"
2026-01-15 16:08:46,856 - httpx - INFO - HTTP Request: POST https://api.telegram.org/bot8531462519:AAFvX5PPyB177DUzylwgC8LMIUztrWPYfbI/getUpdates "HTTP/1.1 200 OK"
2026-01-15 16:08:56,891 - httpx - INFO - HTTP Request: POST https://api.telegram.org/bot8531462519:AAFvX5PPyB177DUzylwgC8LMIUztrWPYfbI/getUpdates "HTTP/1.1 200 OK"
2026-01-15 16:09:06,935 - httpx - INFO - HTTP Request: POST https://api.telegram.org/bot8531462519:AAFvX5PPyB177DUzylwgC8LMIUztrWPYfbI/getUpdates "HTTP/1.1 200 OK"
2026-01-15 16:09:16,974 - httpx - INFO - HTTP Request: POST https://api.telegram.org/bot8531462519:AAFvX5PPyB177DUzylwgC8LMIUztrWPYfbI/getUpdates "HTTP/1.1 200 OK"
2026-01-15 16:09:27,012 - httpx - INFO - HTTP Request: POST https://api.telegram.org/bot8531462519:AAFvX5PPyB177DUzylwgC8LMIUztrWPYfbI/getUpdates "HTTP/1.1 200 OK"
2026-01-15 16:09:37,055 - httpx - INFO - HTTP Request: POST https://api.telegram.org/bot8531462519:AAFvX5PPyB177DUzylwgC8LMIUztrWPYfbI/getUpdates "HTTP/1.1 200 OK"
2026-01-15 16:09:47,092 - httpx - INFO - HTTP Request: POST https://api.telegram.org/bot8531462519:AAFvX5PPyB177DUzylwgC8LMIUztrWPYfbI/getUpdates "HTTP/1.1 200 OK"
2026-01-15 16:09:54,609 - httpx - INFO - HTTP Request: POST https://api.telegram.org/bot8531462519:AAFvX5PPyB177DUzylwgC8LMIUztrWPYfbI/getUpdates "HTTP/1.1 200 OK"
2026-01-15 16:09:54,771 - httpx - INFO - HTTP Request: POST https://api.telegram.org/bot8531462519:AAFvX5PPyB177DUzylwgC8LMIUztrWPYfbI/sendMessage "HTTP/1.1 200 OK"
2026-01-15 16:09:54,786 - auto_notifier - INFO - 🔍 Comparando 2026-01-15 vs 2026-01-15
2026-01-15 16:09:54,793 - auto_notifier - INFO - ✅ Se detectaron 1 alertas
2026-01-15 16:09:54,855 - httpx - INFO - HTTP Request: POST https://api.telegram.org/bot8531462519:AAFvX5PPyB177DUzylwgC8LMIUztrWPYfbI/sendMessage "HTTP/1.1 200 OK"
2026-01-15 16:10:03,338 - httpx - INFO - HTTP Request: POST https://api.telegram.org/bot8531462519:AAFvX5PPyB177DUzylwgC8LMIUztrWPYfbI/getUpdates "HTTP/1.1 200 OK"
2026-01-15 16:10:03,518 - httpx - INFO - HTTP Request: POST https://api.telegram.org/bot8531462519:AAFvX5PPyB177DUzylwgC8LMIUztrWPYfbI/sendMessage "HTTP/1.1 200 OK"
2026-01-15 16:10:03,524 - auto_notifier - INFO - 🔍 Comparando 2026-01-15 vs 2026-01-15
2026-01-15 16:10:03,526 - auto_notifier - INFO - ✅ Se detectaron 1 alertas
2026-01-15 16:10:03,614 - httpx - INFO - HTTP Request: POST https://api.telegram.org/bot8531462519:AAFvX5PPyB177DUzylwgC8LMIUztrWPYfbI/sendMessage "HTTP/1.1 200 OK"
2026-01-15 16:10:07,137 - httpx - INFO - HTTP Request: POST https://api.telegram.org/bot8531462519:AAFvX5PPyB177DUzylwgC8LMIUztrWPYfbI/getUpdates "HTTP/1.1 200 OK"
2026-01-15 16:10:07,214 - httpx - INFO - HTTP Request: POST https://api.telegram.org/bot8531462519:AAFvX5PPyB177DUzylwgC8LMIUztrWPYfbI/sendMessage "HTTP/1.1 200 OK"
2026-01-15 16:10:07,229 - rank_tracker - INFO - 📂 Histórico cargado: 82 registros
2026-01-15 16:10:07,230 - rank_tracker - INFO - ✅ RankTracker inicializado para app 6749528117
2026-01-15 16:10:07,230 - rank_tracker - INFO - 📊 Monitorizando 83 keywords en 1 países
2026-01-15 16:10:07,230 - __main__ - INFO - 🔍 Ejecutando tracking desde Telegram...
2026-01-15 16:10:07,231 - rank_tracker - INFO - 🚀 Iniciando rastreo de keywords...
2026-01-15 16:10:07,231 - rank_tracker - INFO - [1/83] Buscando 'biblenow' en US...
2026-01-15 16:10:10,584 - rank_tracker - INFO - [2/83] Buscando 'bedtime bible stories' en US...
2026-01-15 16:10:13,667 - rank_tracker - INFO - [3/83] Buscando 'bible bedtime stories' en US...
2026-01-15 16:10:16,693 - rank_tracker - INFO - [4/83] Buscando 'bible sleep' en US...
2026-01-15 16:10:20,473 - rank_tracker - INFO - [5/83] Buscando 'bible bedtime stories' en US...
2026-01-15 16:10:23,550 - rank_tracker - INFO - [6/83] Buscando 'bible sleep stories' en US...
2026-01-15 16:10:26,178 - rank_tracker - INFO - [7/83] Buscando 'bible sleep story' en US...
2026-01-15 16:10:28,826 - rank_tracker - INFO - [8/83] Buscando 'bible stories bedtime' en US...
2026-01-15 16:10:32,368 - rank_tracker - INFO - [9/83] Buscando 'bible for sleep' en US...
2026-01-15 16:10:36,292 - rank_tracker - INFO - [10/83] Buscando 'peaceful bible sleep' en US...
2026-01-15 16:10:38,499 - rank_tracker - INFO - [11/83] Buscando 'scripture bedtime stories' en US...
2026-01-15 16:10:40,886 - rank_tracker - INFO - [12/83] Buscando 'peaceful bible audio' en US...
2026-01-15 16:10:43,707 - rank_tracker - INFO - [13/83] Buscando 'bible relaxation stories' en US...
2026-01-15 16:10:47,299 - rank_tracker - INFO - [14/83] Buscando 'peaceful bible reading' en US...
2026-01-15 16:10:50,020 - rank_tracker - INFO - [15/83] Buscando 'bible calm sleep' en US...
2026-01-15 16:10:52,951 - rank_tracker - INFO - [16/83] Buscando 'bible sleep app' en US...
2026-01-15 16:10:56,927 - rank_tracker - INFO - [17/83] Buscando 'calming prayer audio' en US...
2026-01-15 16:10:59,242 - rank_tracker - INFO - [18/83] Buscando 'bible story narration' en US...
2026-01-15 16:11:01,505 - rank_tracker - INFO - [19/83] Buscando 'kids calming audio bible' en US...
2026-01-15 16:11:05,342 - rank_tracker - INFO - [20/83] Buscando 'scripture audio stories' en US...
2026-01-15 16:11:09,120 - rank_tracker - INFO - [21/83] Buscando 'peaceful bible kids app' en US...
2026-01-15 16:11:11,791 - rank_tracker - INFO - [22/83] Buscando 'healing scripture audio' en US...
2026-01-15 16:11:15,289 - rank_tracker - INFO - [23/83] Buscando 'calming christian audio' en US...
2026-01-15 16:11:18,461 - rank_tracker - INFO - [24/83] Buscando 'relaxing bible kids' en US...
2026-01-15 16:11:21,517 - rank_tracker - INFO - [25/83] Buscando 'calm bible voice' en US...
2026-01-15 16:11:24,035 - rank_tracker - INFO - [26/83] Buscando 'bible for calm' en US...
2026-01-15 16:11:27,257 - rank_tracker - INFO - [27/83] Buscando 'bible stories audio' en US...
2026-01-15 16:11:30,499 - rank_tracker - INFO - [28/83] Buscando 'kids bible narration' en US...
2026-01-15 16:11:33,635 - rank_tracker - INFO - [29/83] Buscando 'bible sleep stories app' en US...
2026-01-15 16:11:36,469 - rank_tracker - INFO - [30/83] Buscando 'relaxing bible audio' en US...
2026-01-15 16:11:39,421 - rank_tracker - INFO - [31/83] Buscando 'guided scripture meditation audio' en US...
2026-01-15 16:11:41,917 - rank_tracker - INFO - [32/83] Buscando 'peaceful verses' en US...
2026-01-15 16:11:45,636 - rank_tracker - INFO - [33/83] Buscando 'calming bible app' en US...
2026-01-15 16:11:48,937 - rank_tracker - INFO - [34/83] Buscando 'bible stories to relax kids' en US...
2026-01-15 16:11:51,776 - rank_tracker - INFO - [35/83] Buscando 'bible verses sleep audio' en US...
2026-01-15 16:11:55,409 - rank_tracker - INFO - [36/83] Buscando 'relaxing scripture app' en US...
2026-01-15 16:11:58,834 - rank_tracker - INFO - [37/83] Buscando 'bible night meditation' en US...
2026-01-15 16:12:02,777 - rank_tracker - INFO - [38/83] Buscando 'audio bible stories' en US...
2026-01-15 16:12:05,375 - rank_tracker - INFO - [39/83] Buscando 'bedtime bible audio' en US...
2026-01-15 16:12:09,056 - rank_tracker - INFO - [40/83] Buscando 'audio bible bedtime' en US...
2026-01-15 16:12:12,798 - rank_tracker - INFO - [41/83] Buscando 'bible stories for sleep' en US...
2026-01-15 16:12:16,375 - rank_tracker - INFO - [42/83] Buscando 'bible chat app' en US...
2026-01-15 16:12:20,016 - rank_tracker - INFO - [43/83] Buscando 'listen to the bible' en US...
2026-01-15 16:12:23,821 - rank_tracker - INFO - [44/83] Buscando 'bible ai chat' en US...
2026-01-15 16:12:26,317 - rank_tracker - INFO - [45/83] Buscando 'bible chat gpt' en US...
2026-01-15 16:12:29,700 - rank_tracker - INFO - [46/83] Buscando 'sleep bible audio' en US...
2026-01-15 16:12:32,020 - rank_tracker - INFO - [47/83] Buscando 'bible meditation audio' en US...
2026-01-15 16:12:35,835 - rank_tracker - INFO - [48/83] Buscando 'soothing bible meditation' en US...
2026-01-15 16:12:38,402 - rank_tracker - INFO - [49/83] Buscando 'bible bedtime app' en US...
2026-01-15 16:12:40,639 - rank_tracker - INFO - [50/83] Buscando 'bedtime prayer audio' en US...
2026-01-15 16:12:43,317 - rank_tracker - INFO - [51/83] Buscando 'bible meditation' en US...
2026-01-15 16:12:46,916 - rank_tracker - INFO - [52/83] Buscando 'relaxing bible app' en US...
2026-01-15 16:12:50,063 - rank_tracker - INFO - [53/83] Buscando 'personal bible trainer' en US...
2026-01-15 16:12:53,710 - rank_tracker - INFO - [54/83] Buscando 'bible reading' en US...
2026-01-15 16:12:56,266 - rank_tracker - INFO - [55/83] Buscando 'kids bible study' en US...
2026-01-15 16:12:59,914 - rank_tracker - INFO - [56/83] Buscando 'scripture notes' en US...
2026-01-15 16:13:03,652 - rank_tracker - INFO - [57/83] Buscando 'bible for anxiety' en US...
2026-01-15 16:13:05,997 - rank_tracker - INFO - [58/83] Buscando 'bible meditation bedtime' en US...
2026-01-15 16:13:09,684 - rank_tracker - INFO - [59/83] Buscando 'children's bible stories' en US...
2026-01-15 16:13:12,183 - rank_tracker - INFO - [60/83] Buscando 'bible stories for kids' en US...
2026-01-15 16:13:14,550 - rank_tracker - INFO - [61/83] Buscando 'devotional bible' en US...
2026-01-15 16:13:17,182 - rank_tracker - INFO - [62/83] Buscando 'bible for anxiety relief' en US...
2026-01-15 16:13:21,122 - rank_tracker - INFO - [63/83] Buscando 'bible meditation for kids' en US...
2026-01-15 16:13:23,350 - rank_tracker - INFO - [64/83] Buscando 'relaxing bible bedtime kids' en US...
2026-01-15 16:13:25,598 - rank_tracker - INFO - [65/83] Buscando 'faith ai bible' en US...
2026-01-15 16:13:28,794 - rank_tracker - INFO - [66/83] Buscando 'the bible chat' en US...
2026-01-15 16:13:31,912 - rank_tracker - INFO - [67/83] Buscando 'bible chat' en US...
2026-01-15 16:13:34,318 - rank_tracker - INFO - [68/83] Buscando 'chat with god' en US...
2026-01-15 16:13:38,066 - rank_tracker - INFO - [69/83] Buscando 'ai bible chat' en US...
2026-01-15 16:13:40,502 - rank_tracker - INFO - [70/83] Buscando 'haven bible chat' en US...
2026-01-15 16:13:43,643 - rank_tracker - INFO - [71/83] Buscando 'the bible project' en US...
2026-01-15 16:13:47,359 - rank_tracker - INFO - [72/83] Buscando 'bible chat: daily devotional' en US...
2026-01-15 16:13:50,639 - rank_tracker - INFO - [73/83] Buscando 'bsf bible study' en US...
2026-01-15 16:13:53,340 - rank_tracker - INFO - [74/83] Buscando 'audio bible app free' en US...
2026-01-15 16:13:56,961 - rank_tracker - INFO - [75/83] Buscando 'bible path' en US...
2026-01-15 16:14:00,140 - rank_tracker - INFO - [76/83] Buscando 'bibleproject' en US...
2026-01-15 16:14:03,157 - rank_tracker - INFO - [77/83] Buscando 'bible path: daily devotional' en US...
2026-01-15 16:14:05,761 - rank_tracker - INFO - [78/83] Buscando 'abide bible sleep meditation' en US...
2026-01-15 16:14:09,741 - rank_tracker - INFO - [79/83] Buscando 'bible reading tracker' en US...
2026-01-15 16:14:12,070 - rank_tracker - INFO - [80/83] Buscando 'biblechat' en US...
2026-01-15 16:14:14,512 - rank_tracker - INFO - [81/83] Buscando 'the biblechat' en US...
2026-01-15 16:14:17,989 - rank_tracker - INFO - [82/83] Buscando 'free bible chat' en US...
2026-01-15 16:14:20,257 - rank_tracker - INFO - [83/83] Buscando 'daily audio bible' en US...
2026-01-15 16:14:23,868 - rank_tracker - INFO - ✅ Rastreo completado: 83 checks realizados
2026-01-15 16:14:23,869 - rank_tracker - INFO - 🔍 Verificando alertas automáticas...
2026-01-15 16:14:23,875 - auto_notifier - INFO - 🔍 Comparando 2026-01-15 vs 2026-01-15
2026-01-15 16:14:23,877 - auto_notifier - INFO - ✅ Se detectaron 1 alertas
2026-01-15 16:14:23,892 - telegram_alerts - INFO - ✅ Telegram inicializado correctamente
2026-01-15 16:14:24,041 - telegram_alerts - INFO - ✅ Mensaje Telegram enviado correctamente
2026-01-15 16:14:24,043 - rank_tracker - INFO - 🔔 1 alertas enviadas por Telegram
2026-01-15 16:14:24,068 - httpx - INFO - HTTP Request: POST https://api.telegram.org/bot8531462519:AAFvX5PPyB177DUzylwgC8LMIUztrWPYfbI/getUpdates "HTTP/1.1 200 OK"
2026-01-15 16:14:24,217 - httpx - INFO - HTTP Request: POST https://api.telegram.org/bot8531462519:AAFvX5PPyB177DUzylwgC8LMIUztrWPYfbI/sendMessage "HTTP/1.1 200 OK"
2026-01-15 16:14:34,107 - httpx - INFO - HTTP Request: POST https://api.telegram.org/bot8531462519:AAFvX5PPyB177DUzylwgC8LMIUztrWPYfbI/getUpdates "HTTP/1.1 200 OK"
2026-01-15 16:14:44,148 - httpx - INFO - HTTP Request: POST https://api.telegram.org/bot8531462519:AAFvX5PPyB177DUzylwgC8LMIUztrWPYfbI/getUpdates "HTTP/1.1 200 OK"
2026-01-15 16:14:54,184 - httpx - INFO - HTTP Request: POST https://api.telegram.org/bot8531462519:AAFvX5PPyB177DUzylwgC8LMIUztrWPYfbI/getUpdates "HTTP/1.1 200 OK"
2026-01-15 16:15:04,223 - httpx - INFO - HTTP Request: POST https://api.telegram.org/bot8531462519:AAFvX5PPyB177DUzylwgC8LMIUztrWPYfbI/getUpdates "HTTP/1.1 200 OK"
2026-01-15 16:15:14,273 - httpx - INFO - HTTP Request: POST https://api.telegram.org/bot8531462519:AAFvX5PPyB177DUzylwgC8LMIUztrWPYfbI/getUpdates "HTTP/1.1 200 OK"
2026-01-15 16:15:24,333 - httpx - INFO - HTTP Request: POST https://api.telegram.org/bot8531462519:AAFvX5PPyB177DUzylwgC8LMIUztrWPYfbI/getUpdates "HTTP/1.1 200 OK"
2026-01-15 16:15:34,380 - httpx - INFO - HTTP Request: POST https://api.telegram.org/bot8531462519:AAFvX5PPyB177DUzylwgC8LMIUztrWPYfbI/getUpdates "HTTP/1.1 200 OK"
2026-01-15 16:15:44,424 - httpx - INFO - HTTP Request: POST https://api.telegram.org/bot8531462519:AAFvX5PPyB177DUzylwgC8LMIUztrWPYfbI/getUpdates "HTTP/1.1 200 OK"
2026-01-15 16:15:54,470 - httpx - INFO - HTTP Request: POST https://api.telegram.org/bot8531462519:AAFvX5PPyB177DUzylwgC8LMIUztrWPYfbI/getUpdates "HTTP/1.1 200 OK"
2026-01-15 16:16:04,517 - httpx - INFO - HTTP Request: POST https://api.telegram.org/bot8531462519:AAFvX5PPyB177DUzylwgC8LMIUztrWPYfbI/getUpdates "HTTP/1.1 200 OK"
2026-01-15 16:16:14,558 - httpx - INFO - HTTP Request: POST https://api.telegram.org/bot8531462519:AAFvX5PPyB177DUzylwgC8LMIUztrWPYfbI/getUpdates "HTTP/1.1 200 OK"
2026-01-15 16:16:24,595 - httpx - INFO - HTTP Request: POST https://api.telegram.org/bot8531462519:AAFvX5PPyB177DUzylwgC8LMIUztrWPYfbI/getUpdates "HTTP/1.1 200 OK"
2026-01-15 16:16:34,635 - httpx - INFO - HTTP Request: POST https://api.telegram.org/bot8531462519:AAFvX5PPyB177DUzylwgC8LMIUztrWPYfbI/getUpdates "HTTP/1.1 200 OK"
2026-01-15 16:16:44,675 - httpx - INFO - HTTP Request: POST https://api.telegram.org/bot8531462519:AAFvX5PPyB177DUzylwgC8LMIUztrWPYfbI/getUpdates "HTTP/1.1 200 OK"
2026-01-15 16:16:54,712 - httpx - INFO - HTTP Request: POST https://api.telegram.org/bot8531462519:AAFvX5PPyB177DUzylwgC8LMIUztrWPYfbI/getUpdates "HTTP/1.1 200 OK"
2026-01-15 16:17:04,752 - httpx - INFO - HTTP Request: POST https://api.telegram.org/bot8531462519:AAFvX5PPyB177DUzylwgC8LMIUztrWPYfbI/getUpdates "HTTP/1.1 200 OK"
2026-01-15 16:17:14,798 - httpx - INFO - HTTP Request: POST https://api.telegram.org/bot8531462519:AAFvX5PPyB177DUzylwgC8LMIUztrWPYfbI/getUpdates "HTTP/1.1 200 OK"
2026-01-15 16:17:24,839 - httpx - INFO - HTTP Request: POST https://api.telegram.org/bot8531462519:AAFvX5PPyB177DUzylwgC8LMIUztrWPYfbI/getUpdates "HTTP/1.1 200 OK"
2026-01-15 16:17:34,890 - httpx - INFO - HTTP Request: POST https://api.telegram.org/bot8531462519:AAFvX5PPyB177DUzylwgC8LMIUztrWPYfbI/getUpdates "HTTP/1.1 200 OK"
2026-01-15 16:17:44,938 - httpx - INFO - HTTP Request: POST https://api.telegram.org/bot8531462519:AAFvX5PPyB177DUzylwgC8LMIUztrWPYfbI/getUpdates "HTTP/1.1 200 OK"
2026-01-15 16:17:54,979 - httpx - INFO - HTTP Request: POST https://api.telegram.org/bot8531462519:AAFvX5PPyB177DUzylwgC8LMIUztrWPYfbI/getUpdates "HTTP/1.1 200 OK"
2026-01-15 16:18:05,036 - httpx - INFO - HTTP Request: POST https://api.telegram.org/bot8531462519:AAFvX5PPyB177DUzylwgC8LMIUztrWPYfbI/getUpdates "HTTP/1.1 200 OK"
2026-01-15 16:18:15,078 - httpx - INFO - HTTP Request: POST https://api.telegram.org/bot8531462519:AAFvX5PPyB177DUzylwgC8LMIUztrWPYfbI/getUpdates "HTTP/1.1 200 OK"
2026-01-15 16:18:25,115 - httpx - INFO - HTTP Request: POST https://api.telegram.org/bot8531462519:AAFvX5PPyB177DUzylwgC8LMIUztrWPYfbI/getUpdates "HTTP/1.1 200 OK"
2026-01-15 16:18:35,157 - httpx - INFO - HTTP Request: POST https://api.telegram.org/bot8531462519:AAFvX5PPyB177DUzylwgC8LMIUztrWPYfbI/getUpdates "HTTP/1.1 200 OK"
2026-01-15 16:18:45,199 - httpx - INFO - HTTP Request: POST https://api.telegram.org/bot8531462519:AAFvX5PPyB177DUzylwgC8LMIUztrWPYfbI/getUpdates "HTTP/1.1 200 OK"
2026-01-15 16:18:55,237 - httpx - INFO - HTTP Request: POST https://api.telegram.org/bot8531462519:AAFvX5PPyB177DUzylwgC8LMIUztrWPYfbI/getUpdates "HTTP/1.1 200 OK"
2026-01-15 16:19:05,276 - httpx - INFO - HTTP Request: POST https://api.telegram.org/bot8531462519:AAFvX5PPyB177DUzylwgC8LMIUztrWPYfbI/getUpdates "HTTP/1.1 200 OK"
2026-01-15 16:19:15,314 - httpx - INFO - HTTP Request: POST https://api.telegram.org/bot8531462519:AAFvX5PPyB177DUzylwgC8LMIUztrWPYfbI/getUpdates "HTTP/1.1 200 OK"
2026-01-15 16:19:25,401 - httpx - INFO - HTTP Request: POST https://api.telegram.org/bot8531462519:AAFvX5PPyB177DUzylwgC8LMIUztrWPYfbI/getUpdates "HTTP/1.1 200 OK"
2026-01-15 16:19:35,543 - httpx - INFO - HTTP Request: POST https://api.telegram.org/bot8531462519:AAFvX5PPyB177DUzylwgC8LMIUztrWPYfbI/getUpdates "HTTP/1.1 200 OK"
2026-01-15 16:19:45,599 - httpx - INFO - HTTP Request: POST https://api.telegram.org/bot8531462519:AAFvX5PPyB177DUzylwgC8LMIUztrWPYfbI/getUpdates "HTTP/1.1 200 OK"
2026-01-15 16:19:55,709 - httpx - INFO - HTTP Request: POST https://api.telegram.org/bot8531462519:AAFvX5PPyB177DUzylwgC8LMIUztrWPYfbI/getUpdates "HTTP/1.1 200 OK"
2026-01-15 16:20:05,846 - httpx - INFO - HTTP Request: POST https://api.telegram.org/bot8531462519:AAFvX5PPyB177DUzylwgC8LMIUztrWPYfbI/getUpdates "HTTP/1.1 200 OK"
2026-01-15 16:20:15,889 - httpx - INFO - HTTP Request: POST https://api.telegram.org/bot8531462519:AAFvX5PPyB177DUzylwgC8LMIUztrWPYfbI/getUpdates "HTTP/1.1 200 OK"
2026-01-15 16:20:25,927 - httpx - INFO - HTTP Request: POST https://api.telegram.org/bot8531462519:AAFvX5PPyB177DUzylwgC8LMIUztrWPYfbI/getUpdates "HTTP/1.1 200 OK"
2026-01-15 16:20:35,969 - httpx - INFO - HTTP Request: POST https://api.telegram.org/bot8531462519:AAFvX5PPyB177DUzylwgC8LMIUztrWPYfbI/getUpdates "HTTP/1.1 200 OK"
2026-01-15 16:20:46,008 - httpx - INFO - HTTP Request: POST https://api.telegram.org/bot8531462519:AAFvX5PPyB177DUzylwgC8LMIUztrWPYfbI/getUpdates "HTTP/1.1 200 OK"
2026-01-15 16:20:56,132 - httpx - INFO - HTTP Request: POST https://api.telegram.org/bot8531462519:AAFvX5PPyB177DUzylwgC8LMIUztrWPYfbI/getUpdates "HTTP/1.1 200 OK"
2026-01-15 16:21:06,170 - httpx - INFO - HTTP Request: POST https://api.telegram.org/bot8531462519:AAFvX5PPyB177DUzylwgC8LMIUztrWPYfbI/getUpdates "HTTP/1.1 200 OK"
2026-01-15 16:21:16,210 - httpx - INFO - HTTP Request: POST https://api.telegram.org/bot8531462519:AAFvX5PPyB177DUzylwgC8LMIUztrWPYfbI/getUpdates "HTTP/1.1 200 OK"
2026-01-15 16:21:26,258 - httpx - INFO - HTTP Request: POST https://api.telegram.org/bot8531462519:AAFvX5PPyB177DUzylwgC8LMIUztrWPYfbI/getUpdates "HTTP/1.1 200 OK"
2026-01-15 16:21:36,370 - httpx - INFO - HTTP Request: POST https://api.telegram.org/bot8531462519:AAFvX5PPyB177DUzylwgC8LMIUztrWPYfbI/getUpdates "HTTP/1.1 200 OK"
2026-01-15 16:21:46,504 - httpx - INFO - HTTP Request: POST https://api.telegram.org/bot8531462519:AAFvX5PPyB177DUzylwgC8LMIUztrWPYfbI/getUpdates "HTTP/1.1 200 OK"
2026-01-15 16:21:56,641 - httpx - INFO - HTTP Request: POST https://api.telegram.org/bot8531462519:AAFvX5PPyB177DUzylwgC8LMIUztrWPYfbI/getUpdates "HTTP/1.1 200 OK"
2026-01-15 16:22:06,678 - httpx - INFO - HTTP Request: POST https://api.telegram.org/bot8531462519:AAFvX5PPyB177DUzylwgC8LMIUztrWPYfbI/getUpdates "HTTP/1.1 200 OK"
2026-01-15 16:22:16,815 - httpx - INFO - HTTP Request: POST https://api.telegram.org/bot8531462519:AAFvX5PPyB177DUzylwgC8LMIUztrWPYfbI/getUpdates "HTTP/1.1 200 OK"
2026-01-15 16:22:26,854 - httpx - INFO - HTTP Request: POST https://api.telegram.org/bot8531462519:AAFvX5PPyB177DUzylwgC8LMIUztrWPYfbI/getUpdates "HTTP/1.1 200 OK"
2026-01-15 16:22:37,090 - httpx - INFO - HTTP Request: POST https://api.telegram.org/bot8531462519:AAFvX5PPyB177DUzylwgC8LMIUztrWPYfbI/getUpdates "HTTP/1.1 200 OK"
2026-01-15 16:22:47,229 - httpx - INFO - HTTP Request: POST https://api.telegram.org/bot8531462519:AAFvX5PPyB177DUzylwgC8LMIUztrWPYfbI/getUpdates "HTTP/1.1 200 OK"
2026-01-15 16:22:57,372 - httpx - INFO - HTTP Request: POST https://api.telegram.org/bot8531462519:AAFvX5PPyB177DUzylwgC8LMIUztrWPYfbI/getUpdates "HTTP/1.1 200 OK"
2026-01-15 16:23:07,502 - httpx - INFO - HTTP Request: POST https://api.telegram.org/bot8531462519:AAFvX5PPyB177DUzylwgC8LMIUztrWPYfbI/getUpdates "HTTP/1.1 200 OK"
2026-01-15 16:23:17,551 - httpx - INFO - HTTP Request: POST https://api.telegram.org/bot8531462519:AAFvX5PPyB177DUzylwgC8LMIUztrWPYfbI/getUpdates "HTTP/1.1 200 OK"
2026-01-15 16:23:27,588 - httpx - INFO - HTTP Request: POST https://api.telegram.org/bot8531462519:AAFvX5PPyB177DUzylwgC8LMIUztrWPYfbI/getUpdates "HTTP/1.1 200 OK"
2026-01-15 16:23:37,710 - httpx - INFO - HTTP Request: POST https://api.telegram.org/bot8531462519:AAFvX5PPyB177DUzylwgC8LMIUztrWPYfbI/getUpdates "HTTP/1.1 200 OK"
2026-01-15 16:23:47,756 - httpx - INFO - HTTP Request: POST https://api.telegram.org/bot8531462519:AAFvX5PPyB177DUzylwgC8LMIUztrWPYfbI/getUpdates "HTTP/1.1 200 OK"
2026-01-15 16:23:57,801 - httpx - INFO - HTTP Request: POST https://api.telegram.org/bot8531462519:AAFvX5PPyB177DUzylwgC8LMIUztrWPYfbI/getUpdates "HTTP/1.1 200 OK"
2026-01-15 16:24:07,918 - httpx - INFO - HTTP Request: POST https://api.telegram.org/bot8531462519:AAFvX5PPyB177DUzylwgC8LMIUztrWPYfbI/getUpdates "HTTP/1.1 200 OK"
2026-01-15 16:24:18,054 - httpx - INFO - HTTP Request: POST https://api.telegram.org/bot8531462519:AAFvX5PPyB177DUzylwgC8LMIUztrWPYfbI/getUpdates "HTTP/1.1 200 OK"
2026-01-15 16:24:28,199 - httpx - INFO - HTTP Request: POST https://api.telegram.org/bot8531462519:AAFvX5PPyB177DUzylwgC8LMIUztrWPYfbI/getUpdates "HTTP/1.1 200 OK"
2026-01-15 16:24:38,246 - httpx - INFO - HTTP Request: POST https://api.telegram.org/bot8531462519:AAFvX5PPyB177DUzylwgC8LMIUztrWPYfbI/getUpdates "HTTP/1.1 200 OK"
2026-01-15 16:24:48,295 - httpx - INFO - HTTP Request: POST https://api.telegram.org/bot8531462519:AAFvX5PPyB177DUzylwgC8LMIUztrWPYfbI/getUpdates "HTTP/1.1 200 OK"
2026-01-15 16:24:58,402 - httpx - INFO - HTTP Request: POST https://api.telegram.org/bot8531462519:AAFvX5PPyB177DUzylwgC8LMIUztrWPYfbI/getUpdates "HTTP/1.1 200 OK"
2026-01-15 16:25:08,537 - httpx - INFO - HTTP Request: POST https://api.telegram.org/bot8531462519:AAFvX5PPyB177DUzylwgC8LMIUztrWPYfbI/getUpdates "HTTP/1.1 200 OK"
2026-01-15 16:25:08,722 - httpx - INFO - HTTP Request: POST https://api.telegram.org/bot8531462519:AAFvX5PPyB177DUzylwgC8LMIUztrWPYfbI/getUpdates "HTTP/1.1 200 OK"
2026-01-15 16:25:08,920 - httpx - INFO - HTTP Request: POST https://api.telegram.org/bot8531462519:AAFvX5PPyB177DUzylwgC8LMIUztrWPYfbI/sendMessage "HTTP/1.1 200 OK"
2026-01-15 16:25:08,941 - auto_notifier - INFO - 🔍 Comparando 2026-01-15 vs 2026-01-15
2026-01-15 16:25:08,943 - auto_notifier - INFO - ✅ Se detectaron 1 alertas
2026-01-15 16:25:09,070 - httpx - INFO - HTTP Request: POST https://api.telegram.org/bot8531462519:AAFvX5PPyB177DUzylwgC8LMIUztrWPYfbI/sendMessage "HTTP/1.1 200 OK"
2026-01-15 16:25:18,767 - httpx - INFO - HTTP Request: POST https://api.telegram.org/bot8531462519:AAFvX5PPyB177DUzylwgC8LMIUztrWPYfbI/getUpdates "HTTP/1.1 200 OK"
2026-01-15 16:25:28,810 - httpx - INFO - HTTP Request: POST https://api.telegram.org/bot8531462519:AAFvX5PPyB177DUzylwgC8LMIUztrWPYfbI/getUpdates "HTTP/1.1 200 OK"
2026-01-15 16:25:38,885 - httpx - INFO - HTTP Request: POST https://api.telegram.org/bot8531462519:AAFvX5PPyB177DUzylwgC8LMIUztrWPYfbI/getUpdates "HTTP/1.1 200 OK"
2026-01-15 16:25:48,925 - httpx - INFO - HTTP Request: POST https://api.telegram.org/bot8531462519:AAFvX5PPyB177DUzylwgC8LMIUztrWPYfbI/getUpdates "HTTP/1.1 200 OK"
2026-01-15 16:25:58,973 - httpx - INFO - HTTP Request: POST https://api.telegram.org/bot8531462519:AAFvX5PPyB177DUzylwgC8LMIUztrWPYfbI/getUpdates "HTTP/1.1 200 OK"
2026-01-15 16:26:09,019 - httpx - INFO - HTTP Request: POST https://api.telegram.org/bot8531462519:AAFvX5PPyB177DUzylwgC8LMIUztrWPYfbI/getUpdates "HTTP/1.1 200 OK"
2026-01-15 16:26:19,058 - httpx - INFO - HTTP Request: POST https://api.telegram.org/bot8531462519:AAFvX5PPyB177DUzylwgC8LMIUztrWPYfbI/getUpdates "HTTP/1.1 200 OK"
2026-01-15 16:26:29,107 - httpx - INFO - HTTP Request: POST https://api.telegram.org/bot8531462519:AAFvX5PPyB177DUzylwgC8LMIUztrWPYfbI/getUpdates "HTTP/1.1 200 OK"
2026-01-15 16:26:39,160 - httpx - INFO - HTTP Request: POST https://api.telegram.org/bot8531462519:AAFvX5PPyB177DUzylwgC8LMIUztrWPYfbI/getUpdates "HTTP/1.1 200 OK"
2026-01-15 16:26:49,212 - httpx - INFO - HTTP Request: POST https://api.telegram.org/bot8531462519:AAFvX5PPyB177DUzylwgC8LMIUztrWPYfbI/getUpdates "HTTP/1.1 200 OK"
2026-01-15 16:26:59,256 - httpx - INFO - HTTP Request: POST https://api.telegram.org/bot8531462519:AAFvX5PPyB177DUzylwgC8LMIUztrWPYfbI/getUpdates "HTTP/1.1 200 OK"
2026-01-15 16:27:09,375 - httpx - INFO - HTTP Request: POST https://api.telegram.org/bot8531462519:AAFvX5PPyB177DUzylwgC8LMIUztrWPYfbI/getUpdates "HTTP/1.1 200 OK"
2026-01-15 16:27:19,510 - httpx - INFO - HTTP Request: POST https://api.telegram.org/bot8531462519:AAFvX5PPyB177DUzylwgC8LMIUztrWPYfbI/getUpdates "HTTP/1.1 200 OK"
2026-01-15 16:27:29,651 - httpx - INFO - HTTP Request: POST https://api.telegram.org/bot8531462519:AAFvX5PPyB177DUzylwgC8LMIUztrWPYfbI/getUpdates "HTTP/1.1 200 OK"
2026-01-15 16:27:39,781 - httpx - INFO - HTTP Request: POST https://api.telegram.org/bot8531462519:AAFvX5PPyB177DUzylwgC8LMIUztrWPYfbI/getUpdates "HTTP/1.1 200 OK"
2026-01-15 16:27:49,825 - httpx - INFO - HTTP Request: POST https://api.telegram.org/bot8531462519:AAFvX5PPyB177DUzylwgC8LMIUztrWPYfbI/getUpdates "HTTP/1.1 200 OK"
2026-01-15 16:27:59,959 - httpx - INFO - HTTP Request: POST https://api.telegram.org/bot8531462519:AAFvX5PPyB177DUzylwgC8LMIUztrWPYfbI/getUpdates "HTTP/1.1 200 OK"
2026-01-15 16:28:10,007 - httpx - INFO - HTTP Request: POST https://api.telegram.org/bot8531462519:AAFvX5PPyB177DUzylwgC8LMIUztrWPYfbI/getUpdates "HTTP/1.1 200 OK"
2026-01-15 16:28:20,050 - httpx - INFO - HTTP Request: POST https://api.telegram.org/bot8531462519:AAFvX5PPyB177DUzylwgC8LMIUztrWPYfbI/getUpdates "HTTP/1.1 200 OK"
2026-01-15 16:28:30,169 - httpx - INFO - HTTP Request: POST https://api.telegram.org/bot8531462519:AAFvX5PPyB177DUzylwgC8LMIUztrWPYfbI/getUpdates "HTTP/1.1 200 OK"
2026-01-15 16:28:40,218 - httpx - INFO - HTTP Request: POST https://api.telegram.org/bot8531462519:AAFvX5PPyB177DUzylwgC8LMIUztrWPYfbI/getUpdates "HTTP/1.1 200 OK"
2026-01-15 16:28:50,339 - httpx - INFO - HTTP Request: POST https://api.telegram.org/bot8531462519:AAFvX5PPyB177DUzylwgC8LMIUztrWPYfbI/getUpdates "HTTP/1.1 200 OK"
2026-01-15 16:29:00,232 - httpx - INFO - HTTP Request: POST https://api.telegram.org/bot8531462519:AAFvX5PPyB177DUzylwgC8LMIUztrWPYfbI/getUpdates "HTTP/1.1 200 OK"
2026-01-15 16:29:00,412 - httpx - INFO - HTTP Request: POST https://api.telegram.org/bot8531462519:AAFvX5PPyB177DUzylwgC8LMIUztrWPYfbI/sendMessage "HTTP/1.1 200 OK"
2026-01-15 16:29:00,414 - __main__ - INFO - 🔍 Ejecutando tracking desde Telegram...
2026-01-15 16:29:00,414 - rank_tracker - INFO - 🚀 Iniciando rastreo de keywords...
2026-01-15 16:29:00,414 - rank_tracker - INFO - [1/83] Buscando 'biblenow' en US...
2026-01-15 16:29:03,118 - rank_tracker - INFO - [2/83] Buscando 'bedtime bible stories' en US...
2026-01-15 16:29:05,329 - rank_tracker - INFO - [3/83] Buscando 'bible bedtime stories' en US...
2026-01-15 16:29:08,032 - rank_tracker - INFO - [4/83] Buscando 'bible sleep' en US...
2026-01-15 16:29:10,874 - rank_tracker - INFO - [5/83] Buscando 'bible bedtime stories' en US...
2026-01-15 16:29:13,546 - rank_tracker - INFO - [6/83] Buscando 'bible sleep stories' en US...
2026-01-15 16:29:15,794 - rank_tracker - INFO - [7/83] Buscando 'bible sleep story' en US...
2026-01-15 16:29:19,697 - rank_tracker - INFO - [8/83] Buscando 'bible stories bedtime' en US...
2026-01-15 16:29:22,787 - rank_tracker - INFO - [9/83] Buscando 'bible for sleep' en US...
2026-01-15 16:29:26,020 - rank_tracker - INFO - [10/83] Buscando 'peaceful bible sleep' en US...
2026-01-15 16:29:29,173 - rank_tracker - INFO - [11/83] Buscando 'scripture bedtime stories' en US...
2026-01-15 16:29:32,986 - rank_tracker - INFO - [12/83] Buscando 'peaceful bible audio' en US...
2026-01-15 16:29:36,381 - rank_tracker - INFO - [13/83] Buscando 'bible relaxation stories' en US...
2026-01-15 16:29:39,843 - rank_tracker - INFO - [14/83] Buscando 'peaceful bible reading' en US...
2026-01-15 16:29:43,179 - rank_tracker - INFO - [15/83] Buscando 'bible calm sleep' en US...
2026-01-15 16:29:45,970 - rank_tracker - INFO - [16/83] Buscando 'bible sleep app' en US...
2026-01-15 16:29:48,641 - rank_tracker - INFO - [17/83] Buscando 'calming prayer audio' en US...
2026-01-15 16:29:51,327 - rank_tracker - INFO - [18/83] Buscando 'bible story narration' en US...
2026-01-15 16:29:54,655 - rank_tracker - INFO - [19/83] Buscando 'kids calming audio bible' en US...
2026-01-15 16:29:58,325 - rank_tracker - INFO - [20/83] Buscando 'scripture audio stories' en US...
2026-01-15 16:30:01,044 - rank_tracker - INFO - [21/83] Buscando 'peaceful bible kids app' en US...
2026-01-15 16:30:04,396 - rank_tracker - INFO - [22/83] Buscando 'healing scripture audio' en US...
2026-01-15 16:30:07,728 - rank_tracker - INFO - [23/83] Buscando 'calming christian audio' en US...
2026-01-15 16:30:11,167 - rank_tracker - INFO - [24/83] Buscando 'relaxing bible kids' en US...
2026-01-15 16:30:14,197 - rank_tracker - INFO - [25/83] Buscando 'calm bible voice' en US...
2026-01-15 16:30:16,897 - rank_tracker - INFO - [26/83] Buscando 'bible for calm' en US...
2026-01-15 16:30:19,390 - rank_tracker - INFO - [27/83] Buscando 'bible stories audio' en US...
2026-01-15 16:30:22,931 - rank_tracker - INFO - [28/83] Buscando 'kids bible narration' en US...
2026-01-15 16:30:25,999 - rank_tracker - INFO - [29/83] Buscando 'bible sleep stories app' en US...
2026-01-15 16:30:29,612 - rank_tracker - INFO - [30/83] Buscando 'relaxing bible audio' en US...
2026-01-15 16:30:32,769 - rank_tracker - INFO - [31/83] Buscando 'guided scripture meditation audio' en US...
2026-01-15 16:30:35,847 - rank_tracker - INFO - [32/83] Buscando 'peaceful verses' en US...
2026-01-15 16:30:38,658 - rank_tracker - INFO - [33/83] Buscando 'calming bible app' en US...
2026-01-15 16:30:42,547 - rank_tracker - INFO - [34/83] Buscando 'bible stories to relax kids' en US...
2026-01-15 16:30:44,885 - rank_tracker - INFO - [35/83] Buscando 'bible verses sleep audio' en US...
2026-01-15 16:30:47,388 - rank_tracker - INFO - [36/83] Buscando 'relaxing scripture app' en US...
2026-01-15 16:30:50,037 - rank_tracker - INFO - [37/83] Buscando 'bible night meditation' en US...
2026-01-15 16:30:52,749 - rank_tracker - INFO - [38/83] Buscando 'audio bible stories' en US...
2026-01-15 16:30:56,512 - rank_tracker - INFO - [39/83] Buscando 'bedtime bible audio' en US...
2026-01-15 16:31:00,302 - rank_tracker - INFO - [40/83] Buscando 'audio bible bedtime' en US...
2026-01-15 16:31:03,833 - rank_tracker - INFO - [41/83] Buscando 'bible stories for sleep' en US...
2026-01-15 16:31:06,645 - rank_tracker - INFO - [42/83] Buscando 'bible chat app' en US...
2026-01-15 16:31:09,785 - rank_tracker - INFO - [43/83] Buscando 'listen to the bible' en US...
2026-01-15 16:31:12,091 - rank_tracker - INFO - [44/83] Buscando 'bible ai chat' en US...
2026-01-15 16:31:14,970 - rank_tracker - INFO - [45/83] Buscando 'bible chat gpt' en US...
2026-01-15 16:31:17,181 - rank_tracker - INFO - [46/83] Buscando 'sleep bible audio' en US...
2026-01-15 16:31:19,430 - rank_tracker - INFO - [47/83] Buscando 'bible meditation audio' en US...
2026-01-15 16:31:22,522 - rank_tracker - INFO - [48/83] Buscando 'soothing bible meditation' en US...
2026-01-15 16:31:26,434 - rank_tracker - INFO - [49/83] Buscando 'bible bedtime app' en US...
2026-01-15 16:31:28,736 - rank_tracker - INFO - [50/83] Buscando 'bedtime prayer audio' en US...
2026-01-15 16:31:32,682 - rank_tracker - INFO - [51/83] Buscando 'bible meditation' en US...
2026-01-15 16:31:35,629 - rank_tracker - INFO - [52/83] Buscando 'relaxing bible app' en US...
2026-01-15 16:31:39,515 - rank_tracker - INFO - [53/83] Buscando 'personal bible trainer' en US...
2026-01-15 16:31:42,815 - rank_tracker - INFO - [54/83] Buscando 'bible reading' en US...
2026-01-15 16:31:45,193 - rank_tracker - INFO - [55/83] Buscando 'kids bible study' en US...
2026-01-15 16:31:49,174 - rank_tracker - INFO - [56/83] Buscando 'scripture notes' en US...
2026-01-15 16:31:52,651 - rank_tracker - INFO - [57/83] Buscando 'bible for anxiety' en US...
2026-01-15 16:31:55,779 - rank_tracker - INFO - [58/83] Buscando 'bible meditation bedtime' en US...
2026-01-15 16:31:58,868 - rank_tracker - INFO - [59/83] Buscando 'children's bible stories' en US...
2026-01-15 16:32:01,557 - rank_tracker - INFO - [60/83] Buscando 'bible stories for kids' en US...
2026-01-15 16:32:04,643 - rank_tracker - INFO - [61/83] Buscando 'devotional bible' en US...
2026-01-15 16:32:08,587 - rank_tracker - INFO - [62/83] Buscando 'bible for anxiety relief' en US...
2026-01-15 16:32:11,405 - rank_tracker - INFO - [63/83] Buscando 'bible meditation for kids' en US...
2026-01-15 16:32:14,095 - rank_tracker - INFO - [64/83] Buscando 'relaxing bible bedtime kids' en US...
2026-01-15 16:32:17,492 - rank_tracker - INFO - [65/83] Buscando 'faith ai bible' en US...
2026-01-15 16:32:20,709 - rank_tracker - INFO - [66/83] Buscando 'the bible chat' en US...
2026-01-15 16:32:23,368 - rank_tracker - INFO - [67/83] Buscando 'bible chat' en US...
2026-01-15 16:32:26,603 - rank_tracker - INFO - [68/83] Buscando 'chat with god' en US...
2026-01-15 16:32:28,968 - rank_tracker - INFO - [69/83] Buscando 'ai bible chat' en US...
2026-01-15 16:32:32,215 - rank_tracker - INFO - [70/83] Buscando 'haven bible chat' en US...
2026-01-15 16:32:34,527 - rank_tracker - INFO - [71/83] Buscando 'the bible project' en US...
2026-01-15 16:32:37,845 - rank_tracker - INFO - [72/83] Buscando 'bible chat: daily devotional' en US...
2026-01-15 16:32:41,136 - rank_tracker - INFO - [73/83] Buscando 'bsf bible study' en US...
2026-01-15 16:32:43,587 - rank_tracker - INFO - [74/83] Buscando 'audio bible app free' en US...
2026-01-15 16:32:45,852 - rank_tracker - INFO - [75/83] Buscando 'bible path' en US...
2026-01-15 16:32:48,740 - rank_tracker - INFO - [76/83] Buscando 'bibleproject' en US...
2026-01-15 16:32:51,870 - rank_tracker - INFO - [77/83] Buscando 'bible path: daily devotional' en US...
2026-01-15 16:32:54,618 - rank_tracker - INFO - [78/83] Buscando 'abide bible sleep meditation' en US...
2026-01-15 16:32:57,301 - rank_tracker - INFO - [79/83] Buscando 'bible reading tracker' en US...
2026-01-15 16:33:00,494 - rank_tracker - INFO - [80/83] Buscando 'biblechat' en US...
2026-01-15 16:33:03,997 - rank_tracker - INFO - [81/83] Buscando 'the biblechat' en US...
2026-01-15 16:33:07,831 - rank_tracker - INFO - [82/83] Buscando 'free bible chat' en US...
2026-01-15 16:33:11,208 - rank_tracker - INFO - [83/83] Buscando 'daily audio bible' en US...
2026-01-15 16:33:15,057 - rank_tracker - INFO - ✅ Rastreo completado: 83 checks realizados
2026-01-15 16:33:15,058 - rank_tracker - INFO - 🔍 Verificando alertas automáticas...
2026-01-15 16:33:15,063 - auto_notifier - INFO - 🔍 Comparando 2026-01-15 vs 2026-01-15
2026-01-15 16:33:15,065 - auto_notifier - INFO - ✅ Se detectaron 1 alertas
2026-01-15 16:33:15,078 - telegram_alerts - INFO - ✅ Telegram inicializado correctamente
2026-01-15 16:33:15,242 - telegram_alerts - INFO - ✅ Mensaje Telegram enviado correctamente
2026-01-15 16:33:15,245 - rank_tracker - INFO - 🔔 1 alertas enviadas por Telegram
2026-01-15 16:33:15,271 - httpx - INFO - HTTP Request: POST https://api.telegram.org/bot8531462519:AAFvX5PPyB177DUzylwgC8LMIUztrWPYfbI/getUpdates "HTTP/1.1 200 OK"
2026-01-15 16:33:15,312 - httpx - INFO - HTTP Request: POST https://api.telegram.org/bot8531462519:AAFvX5PPyB177DUzylwgC8LMIUztrWPYfbI/getUpdates "HTTP/1.1 200 OK"
2026-01-15 16:33:15,418 - httpx - INFO - HTTP Request: POST https://api.telegram.org/bot8531462519:AAFvX5PPyB177DUzylwgC8LMIUztrWPYfbI/sendMessage "HTTP/1.1 200 OK"
2026-01-15 16:33:15,504 - httpx - INFO - HTTP Request: POST https://api.telegram.org/bot8531462519:AAFvX5PPyB177DUzylwgC8LMIUztrWPYfbI/sendMessage "HTTP/1.1 200 OK"
2026-01-15 16:33:25,378 - httpx - INFO - HTTP Request: POST https://api.telegram.org/bot8531462519:AAFvX5PPyB177DUzylwgC8LMIUztrWPYfbI/getUpdates "HTTP/1.1 200 OK"
2026-01-15 16:33:35,425 - httpx - INFO - HTTP Request: POST https://api.telegram.org/bot8531462519:AAFvX5PPyB177DUzylwgC8LMIUztrWPYfbI/getUpdates "HTTP/1.1 200 OK"
2026-01-15 16:33:45,467 - httpx - INFO - HTTP Request: POST https://api.telegram.org/bot8531462519:AAFvX5PPyB177DUzylwgC8LMIUztrWPYfbI/getUpdates "HTTP/1.1 200 OK"
2026-01-15 16:33:55,506 - httpx - INFO - HTTP Request: POST https://api.telegram.org/bot8531462519:AAFvX5PPyB177DUzylwgC8LMIUztrWPYfbI/getUpdates "HTTP/1.1 200 OK"
2026-01-15 16:33:55,669 - httpx - INFO - HTTP Request: POST https://api.telegram.org/bot8531462519:AAFvX5PPyB177DUzylwgC8LMIUztrWPYfbI/getUpdates "HTTP/1.1 200 OK"
2026-01-15 16:33:55,817 - httpx - INFO - HTTP Request: POST https://api.telegram.org/bot8531462519:AAFvX5PPyB177DUzylwgC8LMIUztrWPYfbI/sendMessage "HTTP/1.1 200 OK"
2026-01-15 16:33:55,825 - auto_notifier - INFO - 🔍 Comparando 2026-01-15 vs 2026-01-15
2026-01-15 16:33:55,827 - auto_notifier - INFO - ✅ Se detectaron 1 alertas
2026-01-15 16:33:55,890 - httpx - INFO - HTTP Request: POST https://api.telegram.org/bot8531462519:AAFvX5PPyB177DUzylwgC8LMIUztrWPYfbI/sendMessage "HTTP/1.1 200 OK"
2026-01-15 16:33:58,918 - httpx - INFO - HTTP Request: POST https://api.telegram.org/bot8531462519:AAFvX5PPyB177DUzylwgC8LMIUztrWPYfbI/getUpdates "HTTP/1.1 200 OK"
2026-01-15 16:33:59,054 - httpx - INFO - HTTP Request: POST https://api.telegram.org/bot8531462519:AAFvX5PPyB177DUzylwgC8LMIUztrWPYfbI/sendMessage "HTTP/1.1 200 OK"
2026-01-15 16:33:59,074 - telegram_alerts - INFO - ✅ Telegram inicializado correctamente
2026-01-15 16:33:59,074 - __main__ - INFO - 🎯 Ejecutando análisis PRO desde Telegram...
2026-01-15 16:33:59,200 - httpx - INFO - HTTP Request: POST https://api.telegram.org/bot8531462519:AAFvX5PPyB177DUzylwgC8LMIUztrWPYfbI/sendMessage "HTTP/1.1 200 OK"
2026-01-15 16:34:09,002 - httpx - INFO - HTTP Request: POST https://api.telegram.org/bot8531462519:AAFvX5PPyB177DUzylwgC8LMIUztrWPYfbI/getUpdates "HTTP/1.1 200 OK"
2026-01-15 16:34:19,146 - httpx - INFO - HTTP Request: POST https://api.telegram.org/bot8531462519:AAFvX5PPyB177DUzylwgC8LMIUztrWPYfbI/getUpdates "HTTP/1.1 200 OK"
2026-01-15 16:34:29,278 - httpx - INFO - HTTP Request: POST https://api.telegram.org/bot8531462519:AAFvX5PPyB177DUzylwgC8LMIUztrWPYfbI/getUpdates "HTTP/1.1 200 OK"
2026-01-15 16:34:39,337 - httpx - INFO - HTTP Request: POST https://api.telegram.org/bot8531462519:AAFvX5PPyB177DUzylwgC8LMIUztrWPYfbI/getUpdates "HTTP/1.1 200 OK"
2026-01-15 16:34:49,381 - httpx - INFO - HTTP Request: POST https://api.telegram.org/bot8531462519:AAFvX5PPyB177DUzylwgC8LMIUztrWPYfbI/getUpdates "HTTP/1.1 200 OK"
2026-01-15 16:34:59,484 - httpx - INFO - HTTP Request: POST https://api.telegram.org/bot8531462519:AAFvX5PPyB177DUzylwgC8LMIUztrWPYfbI/getUpdates "HTTP/1.1 200 OK"
2026-01-15 16:35:09,592 - httpx - INFO - HTTP Request: POST https://api.telegram.org/bot8531462519:AAFvX5PPyB177DUzylwgC8LMIUztrWPYfbI/getUpdates "HTTP/1.1 200 OK"
2026-01-15 16:35:19,632 - httpx - INFO - HTTP Request: POST https://api.telegram.org/bot8531462519:AAFvX5PPyB177DUzylwgC8LMIUztrWPYfbI/getUpdates "HTTP/1.1 200 OK"
2026-01-15 16:35:29,694 - httpx - INFO - HTTP Request: POST https://api.telegram.org/bot8531462519:AAFvX5PPyB177DUzylwgC8LMIUztrWPYfbI/getUpdates "HTTP/1.1 200 OK"
2026-01-15 16:35:39,735 - httpx - INFO - HTTP Request: POST https://api.telegram.org/bot8531462519:AAFvX5PPyB177DUzylwgC8LMIUztrWPYfbI/getUpdates "HTTP/1.1 200 OK"
2026-01-15 16:35:49,775 - httpx - INFO - HTTP Request: POST https://api.telegram.org/bot8531462519:AAFvX5PPyB177DUzylwgC8LMIUztrWPYfbI/getUpdates "HTTP/1.1 200 OK"
2026-01-15 16:35:59,902 - httpx - INFO - HTTP Request: POST https://api.telegram.org/bot8531462519:AAFvX5PPyB177DUzylwgC8LMIUztrWPYfbI/getUpdates "HTTP/1.1 200 OK"
2026-01-15 16:36:10,040 - httpx - INFO - HTTP Request: POST https://api.telegram.org/bot8531462519:AAFvX5PPyB177DUzylwgC8LMIUztrWPYfbI/getUpdates "HTTP/1.1 200 OK"
2026-01-15 16:36:20,175 - httpx - INFO - HTTP Request: POST https://api.telegram.org/bot8531462519:AAFvX5PPyB177DUzylwgC8LMIUztrWPYfbI/getUpdates "HTTP/1.1 200 OK"
2026-01-15 16:36:30,315 - httpx - INFO - HTTP Request: POST https://api.telegram.org/bot8531462519:AAFvX5PPyB177DUzylwgC8LMIUztrWPYfbI/getUpdates "HTTP/1.1 200 OK"
2026-01-15 16:36:40,450 - httpx - INFO - HTTP Request: POST https://api.telegram.org/bot8531462519:AAFvX5PPyB177DUzylwgC8LMIUztrWPYfbI/getUpdates "HTTP/1.1 200 OK"
2026-01-15 16:36:50,589 - httpx - INFO - HTTP Request: POST https://api.telegram.org/bot8531462519:AAFvX5PPyB177DUzylwgC8LMIUztrWPYfbI/getUpdates "HTTP/1.1 200 OK"
2026-01-15 16:37:00,627 - httpx - INFO - HTTP Request: POST https://api.telegram.org/bot8531462519:AAFvX5PPyB177DUzylwgC8LMIUztrWPYfbI/getUpdates "HTTP/1.1 200 OK"
2026-01-15 16:37:10,669 - httpx - INFO - HTTP Request: POST https://api.telegram.org/bot8531462519:AAFvX5PPyB177DUzylwgC8LMIUztrWPYfbI/getUpdates "HTTP/1.1 200 OK"
2026-01-15 16:37:20,797 - httpx - INFO - HTTP Request: POST https://api.telegram.org/bot8531462519:AAFvX5PPyB177DUzylwgC8LMIUztrWPYfbI/getUpdates "HTTP/1.1 200 OK"
2026-01-15 16:37:30,935 - httpx - INFO - HTTP Request: POST https://api.telegram.org/bot8531462519:AAFvX5PPyB177DUzylwgC8LMIUztrWPYfbI/getUpdates "HTTP/1.1 200 OK"
2026-01-15 16:37:41,070 - httpx - INFO - HTTP Request: POST https://api.telegram.org/bot8531462519:AAFvX5PPyB177DUzylwgC8LMIUztrWPYfbI/getUpdates "HTTP/1.1 200 OK"
2026-01-15 16:37:51,107 - httpx - INFO - HTTP Request: POST https://api.telegram.org/bot8531462519:AAFvX5PPyB177DUzylwgC8LMIUztrWPYfbI/getUpdates "HTTP/1.1 200 OK"
2026-01-15 16:38:01,245 - httpx - INFO - HTTP Request: POST https://api.telegram.org/bot8531462519:AAFvX5PPyB177DUzylwgC8LMIUztrWPYfbI/getUpdates "HTTP/1.1 200 OK"
2026-01-15 16:38:11,367 - httpx - INFO - HTTP Request: POST https://api.telegram.org/bot8531462519:AAFvX5PPyB177DUzylwgC8LMIUztrWPYfbI/getUpdates "HTTP/1.1 200 OK"
2026-01-15 16:38:21,412 - httpx - INFO - HTTP Request: POST https://api.telegram.org/bot8531462519:AAFvX5PPyB177DUzylwgC8LMIUztrWPYfbI/getUpdates "HTTP/1.1 200 OK"
2026-01-15 16:38:31,454 - httpx - INFO - HTTP Request: POST https://api.telegram.org/bot8531462519:AAFvX5PPyB177DUzylwgC8LMIUztrWPYfbI/getUpdates "HTTP/1.1 200 OK"
2026-01-15 16:38:41,499 - httpx - INFO - HTTP Request: POST https://api.telegram.org/bot8531462519:AAFvX5PPyB177DUzylwgC8LMIUztrWPYfbI/getUpdates "HTTP/1.1 200 OK"
2026-01-15 16:38:51,538 - httpx - INFO - HTTP Request: POST https://api.telegram.org/bot8531462519:AAFvX5PPyB177DUzylwgC8LMIUztrWPYfbI/getUpdates "HTTP/1.1 200 OK"
2026-01-15 16:38:56,375 - httpx - INFO - HTTP Request: POST https://api.telegram.org/bot8531462519:AAFvX5PPyB177DUzylwgC8LMIUztrWPYfbI/getUpdates "HTTP/1.1 200 OK"
2026-01-15 16:38:56,514 - httpx - INFO - HTTP Request: POST https://api.telegram.org/bot8531462519:AAFvX5PPyB177DUzylwgC8LMIUztrWPYfbI/sendMessage "HTTP/1.1 200 OK"
2026-01-15 16:39:06,472 - httpx - INFO - HTTP Request: POST https://api.telegram.org/bot8531462519:AAFvX5PPyB177DUzylwgC8LMIUztrWPYfbI/getUpdates "HTTP/1.1 200 OK"
2026-01-15 16:39:08,828 - httpx - INFO - HTTP Request: POST https://api.telegram.org/bot8531462519:AAFvX5PPyB177DUzylwgC8LMIUztrWPYfbI/getUpdates "HTTP/1.1 200 OK"
2026-01-15 16:39:09,009 - httpx - INFO - HTTP Request: POST https://api.telegram.org/bot8531462519:AAFvX5PPyB177DUzylwgC8LMIUztrWPYfbI/sendMessage "HTTP/1.1 200 OK"
2026-01-15 16:39:09,011 - __main__ - INFO - 🔍 Ejecutando tracking desde Telegram...
2026-01-15 16:39:09,012 - rank_tracker - INFO - 🚀 Iniciando rastreo de keywords...
2026-01-15 16:39:09,012 - rank_tracker - INFO - [1/83] Buscando 'biblenow' en US...
2026-01-15 16:39:12,680 - rank_tracker - INFO - [2/83] Buscando 'bedtime bible stories' en US...
2026-01-15 16:39:15,689 - rank_tracker - INFO - [3/83] Buscando 'bible bedtime stories' en US...
2026-01-15 16:39:18,564 - rank_tracker - INFO - [4/83] Buscando 'bible sleep' en US...
2026-01-15 16:39:21,243 - rank_tracker - INFO - [5/83] Buscando 'bible bedtime stories' en US...
2026-01-15 16:39:24,807 - rank_tracker - INFO - [6/83] Buscando 'bible sleep stories' en US...
2026-01-15 16:39:27,686 - rank_tracker - INFO - [7/83] Buscando 'bible sleep story' en US...
2026-01-15 16:39:30,985 - rank_tracker - INFO - [8/83] Buscando 'bible stories bedtime' en US...
2026-01-15 16:39:33,957 - rank_tracker - INFO - [9/83] Buscando 'bible for sleep' en US...
2026-01-15 16:39:37,936 - rank_tracker - INFO - [10/83] Buscando 'peaceful bible sleep' en US...
2026-01-15 16:39:40,907 - rank_tracker - INFO - [11/83] Buscando 'scripture bedtime stories' en US...
2026-01-15 16:39:43,630 - rank_tracker - INFO - [12/83] Buscando 'peaceful bible audio' en US...
2026-01-15 16:39:45,929 - rank_tracker - INFO - [13/83] Buscando 'bible relaxation stories' en US...
2026-01-15 16:39:49,602 - rank_tracker - INFO - [14/83] Buscando 'peaceful bible reading' en US...
2026-01-15 16:39:51,846 - rank_tracker - INFO - [15/83] Buscando 'bible calm sleep' en US...
2026-01-15 16:39:54,213 - rank_tracker - INFO - [16/83] Buscando 'bible sleep app' en US...
2026-01-15 16:39:56,472 - rank_tracker - INFO - [17/83] Buscando 'calming prayer audio' en US...
2026-01-15 16:39:58,696 - rank_tracker - INFO - [18/83] Buscando 'bible story narration' en US...
2026-01-15 16:40:01,194 - rank_tracker - INFO - [19/83] Buscando 'kids calming audio bible' en US...
2026-01-15 16:40:04,717 - rank_tracker - INFO - [20/83] Buscando 'scripture audio stories' en US...
2026-01-15 16:40:07,311 - rank_tracker - INFO - [21/83] Buscando 'peaceful bible kids app' en US...
2026-01-15 16:40:10,317 - rank_tracker - INFO - [22/83] Buscando 'healing scripture audio' en US...
2026-01-15 16:40:12,982 - rank_tracker - INFO - [23/83] Buscando 'calming christian audio' en US...
2026-01-15 16:40:16,784 - rank_tracker - INFO - [24/83] Buscando 'relaxing bible kids' en US...
2026-01-15 16:40:19,982 - rank_tracker - INFO - [25/83] Buscando 'calm bible voice' en US...
2026-01-15 16:40:23,916 - rank_tracker - INFO - [26/83] Buscando 'bible for calm' en US...
2026-01-15 16:40:27,034 - rank_tracker - INFO - [27/83] Buscando 'bible stories audio' en US...
2026-01-15 16:40:29,639 - rank_tracker - INFO - [28/83] Buscando 'kids bible narration' en US...
2026-01-15 16:40:33,471 - rank_tracker - INFO - [29/83] Buscando 'bible sleep stories app' en US...
2026-01-15 16:40:36,367 - rank_tracker - INFO - [30/83] Buscando 'relaxing bible audio' en US...
2026-01-15 16:40:39,133 - rank_tracker - INFO - [31/83] Buscando 'guided scripture meditation audio' en US...
2026-01-15 16:40:42,934 - rank_tracker - INFO - [32/83] Buscando 'peaceful verses' en US...
2026-01-15 16:40:46,887 - rank_tracker - INFO - [33/83] Buscando 'calming bible app' en US...
2026-01-15 16:40:49,698 - rank_tracker - INFO - [34/83] Buscando 'bible stories to relax kids' en US...
2026-01-15 16:40:52,600 - rank_tracker - INFO - [35/83] Buscando 'bible verses sleep audio' en US...
2026-01-15 16:40:55,389 - rank_tracker - INFO - [36/83] Buscando 'relaxing scripture app' en US...
2026-01-15 16:40:58,768 - rank_tracker - INFO - [37/83] Buscando 'bible night meditation' en US...
2026-01-15 16:41:01,607 - rank_tracker - INFO - [38/83] Buscando 'audio bible stories' en US...
2026-01-15 16:41:04,500 - rank_tracker - INFO - [39/83] Buscando 'bedtime bible audio' en US...
2026-01-15 16:41:07,494 - rank_tracker - INFO - [40/83] Buscando 'audio bible bedtime' en US...
2026-01-15 16:41:11,047 - rank_tracker - INFO - [41/83] Buscando 'bible stories for sleep' en US...
2026-01-15 16:41:13,612 - rank_tracker - INFO - [42/83] Buscando 'bible chat app' en US...
2026-01-15 16:41:16,229 - rank_tracker - INFO - [43/83] Buscando 'listen to the bible' en US...
2026-01-15 16:41:20,003 - rank_tracker - INFO - [44/83] Buscando 'bible ai chat' en US...
2026-01-15 16:41:22,897 - rank_tracker - INFO - [45/83] Buscando 'bible chat gpt' en US...
2026-01-15 16:41:26,744 - rank_tracker - INFO - [46/83] Buscando 'sleep bible audio' en US...
2026-01-15 16:41:29,727 - rank_tracker - INFO - [47/83] Buscando 'bible meditation audio' en US...
2026-01-15 16:41:32,471 - rank_tracker - INFO - [48/83] Buscando 'soothing bible meditation' en US...
2026-01-15 16:41:36,062 - rank_tracker - INFO - [49/83] Buscando 'bible bedtime app' en US...
2026-01-15 16:41:39,732 - rank_tracker - INFO - [50/83] Buscando 'bedtime prayer audio' en US...
2026-01-15 16:41:42,499 - rank_tracker - INFO - [51/83] Buscando 'bible meditation' en US...
2026-01-15 16:41:46,157 - rank_tracker - INFO - [52/83] Buscando 'relaxing bible app' en US...
2026-01-15 16:41:48,517 - rank_tracker - INFO - [53/83] Buscando 'personal bible trainer' en US...
2026-01-15 16:41:51,169 - rank_tracker - INFO - [54/83] Buscando 'bible reading' en US...
2026-01-15 16:41:54,520 - rank_tracker - INFO - [55/83] Buscando 'kids bible study' en US...
2026-01-15 16:41:58,012 - rank_tracker - INFO - [56/83] Buscando 'scripture notes' en US...
2026-01-15 16:42:01,352 - rank_tracker - INFO - [57/83] Buscando 'bible for anxiety' en US...
2026-01-15 16:42:03,753 - rank_tracker - INFO - [58/83] Buscando 'bible meditation bedtime' en US...
2026-01-15 16:42:07,131 - rank_tracker - INFO - [59/83] Buscando 'children's bible stories' en US...
2026-01-15 16:42:10,109 - rank_tracker - INFO - [60/83] Buscando 'bible stories for kids' en US...
2026-01-15 16:42:13,557 - rank_tracker - INFO - [61/83] Buscando 'devotional bible' en US...
2026-01-15 16:42:17,558 - rank_tracker - INFO - [62/83] Buscando 'bible for anxiety relief' en US...
2026-01-15 16:42:19,979 - rank_tracker - INFO - [63/83] Buscando 'bible meditation for kids' en US...
2026-01-15 16:42:23,090 - rank_tracker - INFO - [64/83] Buscando 'relaxing bible bedtime kids' en US...
2026-01-15 16:42:26,832 - rank_tracker - INFO - [65/83] Buscando 'faith ai bible' en US...
2026-01-15 16:42:29,424 - rank_tracker - INFO - [66/83] Buscando 'the bible chat' en US...
2026-01-15 16:42:31,998 - rank_tracker - INFO - [67/83] Buscando 'bible chat' en US...
2026-01-15 16:42:34,432 - rank_tracker - INFO - [68/83] Buscando 'chat with god' en US...
2026-01-15 16:42:37,679 - rank_tracker - INFO - [69/83] Buscando 'ai bible chat' en US...
2026-01-15 16:42:40,789 - rank_tracker - INFO - [70/83] Buscando 'haven bible chat' en US...
2026-01-15 16:42:44,421 - rank_tracker - INFO - [71/83] Buscando 'the bible project' en US...
2026-01-15 16:42:47,885 - rank_tracker - INFO - [72/83] Buscando 'bible chat: daily devotional' en US...
2026-01-15 16:42:50,457 - rank_tracker - INFO - [73/83] Buscando 'bsf bible study' en US...
2026-01-15 16:42:53,425 - rank_tracker - INFO - [74/83] Buscando 'audio bible app free' en US...
2026-01-15 16:42:57,029 - rank_tracker - INFO - [75/83] Buscando 'bible path' en US...
2026-01-15 16:42:59,272 - rank_tracker - INFO - [76/83] Buscando 'bibleproject' en US...
2026-01-15 16:43:03,137 - rank_tracker - INFO - [77/83] Buscando 'bible path: daily devotional' en US...
2026-01-15 16:43:06,937 - rank_tracker - INFO - [78/83] Buscando 'abide bible sleep meditation' en US...
2026-01-15 16:43:09,506 - rank_tracker - INFO - [79/83] Buscando 'bible reading tracker' en US...
2026-01-15 16:43:11,769 - rank_tracker - INFO - [80/83] Buscando 'biblechat' en US...
2026-01-15 16:43:14,775 - rank_tracker - INFO - [81/83] Buscando 'the biblechat' en US...
2026-01-15 16:43:18,016 - rank_tracker - INFO - [82/83] Buscando 'free bible chat' en US...
2026-01-15 16:43:21,156 - rank_tracker - INFO - [83/83] Buscando 'daily audio bible' en US...
2026-01-15 16:43:23,893 - rank_tracker - INFO - ✅ Rastreo completado: 83 checks realizados
2026-01-15 16:43:23,893 - rank_tracker - INFO - 🔍 Verificando alertas automáticas...
2026-01-15 16:43:23,902 - auto_notifier - INFO - 🔍 Comparando 2026-01-15 vs 2026-01-15
2026-01-15 16:43:23,905 - auto_notifier - INFO - ✅ Se detectaron 1 alertas
2026-01-15 16:43:23,921 - telegram_alerts - INFO - ✅ Telegram inicializado correctamente
2026-01-15 16:43:24,156 - telegram_alerts - INFO - ✅ Mensaje Telegram enviado correctamente
2026-01-15 16:43:24,160 - rank_tracker - INFO - 🔔 1 alertas enviadas por Telegram
2026-01-15 16:43:24,200 - httpx - INFO - HTTP Request: POST https://api.telegram.org/bot8531462519:AAFvX5PPyB177DUzylwgC8LMIUztrWPYfbI/getUpdates "HTTP/1.1 200 OK"
2026-01-15 16:43:24,407 - httpx - INFO - HTTP Request: POST https://api.telegram.org/bot8531462519:AAFvX5PPyB177DUzylwgC8LMIUztrWPYfbI/sendMessage "HTTP/1.1 200 OK"
2026-01-15 16:43:34,287 - httpx - INFO - HTTP Request: POST https://api.telegram.org/bot8531462519:AAFvX5PPyB177DUzylwgC8LMIUztrWPYfbI/getUpdates "HTTP/1.1 200 OK"
2026-01-15 16:43:44,218 - httpx - INFO - HTTP Request: POST https://api.telegram.org/bot8531462519:AAFvX5PPyB177DUzylwgC8LMIUztrWPYfbI/getUpdates "HTTP/1.1 200 OK"
2026-01-15 16:43:44,369 - httpx - INFO - HTTP Request: POST https://api.telegram.org/bot8531462519:AAFvX5PPyB177DUzylwgC8LMIUztrWPYfbI/sendMessage "HTTP/1.1 200 OK"
2026-01-15 16:43:44,370 - __main__ - INFO - 🎯 Ejecutando análisis PRO desde Telegram...
2026-01-15 16:43:44,457 - httpx - INFO - HTTP Request: POST https://api.telegram.org/bot8531462519:AAFvX5PPyB177DUzylwgC8LMIUztrWPYfbI/sendMessage "HTTP/1.1 200 OK"
2026-01-15 16:43:52,821 - httpx - INFO - HTTP Request: POST https://api.telegram.org/bot8531462519:AAFvX5PPyB177DUzylwgC8LMIUztrWPYfbI/getUpdates "HTTP/1.1 200 OK"
2026-01-15 16:43:52,963 - httpx - INFO - HTTP Request: POST https://api.telegram.org/bot8531462519:AAFvX5PPyB177DUzylwgC8LMIUztrWPYfbI/sendMessage "HTTP/1.1 200 OK"
2026-01-15 16:43:52,968 - auto_notifier - INFO - 🔍 Comparando 2026-01-15 vs 2026-01-15
2026-01-15 16:43:52,971 - auto_notifier - INFO - ✅ Se detectaron 1 alertas
2026-01-15 16:43:53,031 - httpx - INFO - HTTP Request: POST https://api.telegram.org/bot8531462519:AAFvX5PPyB177DUzylwgC8LMIUztrWPYfbI/sendMessage "HTTP/1.1 200 OK"
2026-01-15 16:44:01,935 - httpx - INFO - HTTP Request: POST https://api.telegram.org/bot8531462519:AAFvX5PPyB177DUzylwgC8LMIUztrWPYfbI/getUpdates "HTTP/1.1 200 OK"
2026-01-15 16:44:02,085 - httpx - INFO - HTTP Request: POST https://api.telegram.org/bot8531462519:AAFvX5PPyB177DUzylwgC8LMIUztrWPYfbI/sendMessage "HTTP/1.1 200 OK"
2026-01-15 16:44:12,072 - httpx - INFO - HTTP Request: POST https://api.telegram.org/bot8531462519:AAFvX5PPyB177DUzylwgC8LMIUztrWPYfbI/getUpdates "HTTP/1.1 200 OK"
2026-01-15 16:44:22,116 - httpx - INFO - HTTP Request: POST https://api.telegram.org/bot8531462519:AAFvX5PPyB177DUzylwgC8LMIUztrWPYfbI/getUpdates "HTTP/1.1 200 OK"
2026-01-15 16:44:32,245 - httpx - INFO - HTTP Request: POST https://api.telegram.org/bot8531462519:AAFvX5PPyB177DUzylwgC8LMIUztrWPYfbI/getUpdates "HTTP/1.1 200 OK"
2026-01-15 16:44:42,383 - httpx - INFO - HTTP Request: POST https://api.telegram.org/bot8531462519:AAFvX5PPyB177DUzylwgC8LMIUztrWPYfbI/getUpdates "HTTP/1.1 200 OK"
2026-01-15 16:44:52,434 - httpx - INFO - HTTP Request: POST https://api.telegram.org/bot8531462519:AAFvX5PPyB177DUzylwgC8LMIUztrWPYfbI/getUpdates "HTTP/1.1 200 OK"
2026-01-15 16:45:02,557 - httpx - INFO - HTTP Request: POST https://api.telegram.org/bot8531462519:AAFvX5PPyB177DUzylwgC8LMIUztrWPYfbI/getUpdates "HTTP/1.1 200 OK"
2026-01-15 16:45:12,602 - httpx - INFO - HTTP Request: POST https://api.telegram.org/bot8531462519:AAFvX5PPyB177DUzylwgC8LMIUztrWPYfbI/getUpdates "HTTP/1.1 200 OK"
2026-01-15 16:45:22,742 - httpx - INFO - HTTP Request: POST https://api.telegram.org/bot8531462519:AAFvX5PPyB177DUzylwgC8LMIUztrWPYfbI/getUpdates "HTTP/1.1 200 OK"
2026-01-15 16:45:32,798 - httpx - INFO - HTTP Request: POST https://api.telegram.org/bot8531462519:AAFvX5PPyB177DUzylwgC8LMIUztrWPYfbI/getUpdates "HTTP/1.1 200 OK"
2026-01-15 16:45:42,836 - httpx - INFO - HTTP Request: POST https://api.telegram.org/bot8531462519:AAFvX5PPyB177DUzylwgC8LMIUztrWPYfbI/getUpdates "HTTP/1.1 200 OK"
2026-01-15 16:45:52,881 - httpx - INFO - HTTP Request: POST https://api.telegram.org/bot8531462519:AAFvX5PPyB177DUzylwgC8LMIUztrWPYfbI/getUpdates "HTTP/1.1 200 OK"
2026-01-15 16:46:02,920 - httpx - INFO - HTTP Request: POST https://api.telegram.org/bot8531462519:AAFvX5PPyB177DUzylwgC8LMIUztrWPYfbI/getUpdates "HTTP/1.1 200 OK"
2026-01-15 16:46:12,958 - httpx - INFO - HTTP Request: POST https://api.telegram.org/bot8531462519:AAFvX5PPyB177DUzylwgC8LMIUztrWPYfbI/getUpdates "HTTP/1.1 200 OK"
2026-01-15 16:46:22,999 - httpx - INFO - HTTP Request: POST https://api.telegram.org/bot8531462519:AAFvX5PPyB177DUzylwgC8LMIUztrWPYfbI/getUpdates "HTTP/1.1 200 OK"
2026-01-15 16:46:33,080 - httpx - INFO - HTTP Request: POST https://api.telegram.org/bot8531462519:AAFvX5PPyB177DUzylwgC8LMIUztrWPYfbI/getUpdates "HTTP/1.1 200 OK"
2026-01-15 16:46:43,123 - httpx - INFO - HTTP Request: POST https://api.telegram.org/bot8531462519:AAFvX5PPyB177DUzylwgC8LMIUztrWPYfbI/getUpdates "HTTP/1.1 200 OK"
2026-01-15 16:46:53,252 - httpx - INFO - HTTP Request: POST https://api.telegram.org/bot8531462519:AAFvX5PPyB177DUzylwgC8LMIUztrWPYfbI/getUpdates "HTTP/1.1 200 OK"
2026-01-15 16:47:03,298 - httpx - INFO - HTTP Request: POST https://api.telegram.org/bot8531462519:AAFvX5PPyB177DUzylwgC8LMIUztrWPYfbI/getUpdates "HTTP/1.1 200 OK"
2026-01-15 16:47:13,342 - httpx - INFO - HTTP Request: POST https://api.telegram.org/bot8531462519:AAFvX5PPyB177DUzylwgC8LMIUztrWPYfbI/getUpdates "HTTP/1.1 200 OK"
2026-01-15 16:47:23,457 - httpx - INFO - HTTP Request: POST https://api.telegram.org/bot8531462519:AAFvX5PPyB177DUzylwgC8LMIUztrWPYfbI/getUpdates "HTTP/1.1 200 OK"
2026-01-15 16:47:33,504 - httpx - INFO - HTTP Request: POST https://api.telegram.org/bot8531462519:AAFvX5PPyB177DUzylwgC8LMIUztrWPYfbI/getUpdates "HTTP/1.1 200 OK"
2026-01-15 16:47:43,547 - httpx - INFO - HTTP Request: POST https://api.telegram.org/bot8531462519:AAFvX5PPyB177DUzylwgC8LMIUztrWPYfbI/getUpdates "HTTP/1.1 200 OK"
2026-01-15 16:47:53,586 - httpx - INFO - HTTP Request: POST https://api.telegram.org/bot8531462519:AAFvX5PPyB177DUzylwgC8LMIUztrWPYfbI/getUpdates "HTTP/1.1 200 OK"
2026-01-15 16:48:03,638 - httpx - INFO - HTTP Request: POST https://api.telegram.org/bot8531462519:AAFvX5PPyB177DUzylwgC8LMIUztrWPYfbI/getUpdates "HTTP/1.1 200 OK"
2026-01-15 16:48:13,680 - httpx - INFO - HTTP Request: POST https://api.telegram.org/bot8531462519:AAFvX5PPyB177DUzylwgC8LMIUztrWPYfbI/getUpdates "HTTP/1.1 200 OK"
2026-01-15 16:48:23,785 - httpx - INFO - HTTP Request: POST https://api.telegram.org/bot8531462519:AAFvX5PPyB177DUzylwgC8LMIUztrWPYfbI/getUpdates "HTTP/1.1 200 OK"
2026-01-15 16:48:33,841 - httpx - INFO - HTTP Request: POST https://api.telegram.org/bot8531462519:AAFvX5PPyB177DUzylwgC8LMIUztrWPYfbI/getUpdates "HTTP/1.1 200 OK"
2026-01-15 16:48:43,891 - httpx - INFO - HTTP Request: POST https://api.telegram.org/bot8531462519:AAFvX5PPyB177DUzylwgC8LMIUztrWPYfbI/getUpdates "HTTP/1.1 200 OK"
2026-01-15 16:48:53,978 - httpx - INFO - HTTP Request: POST https://api.telegram.org/bot8531462519:AAFvX5PPyB177DUzylwgC8LMIUztrWPYfbI/getUpdates "HTTP/1.1 200 OK"
2026-01-15 16:49:04,128 - httpx - INFO - HTTP Request: POST https://api.telegram.org/bot8531462519:AAFvX5PPyB177DUzylwgC8LMIUztrWPYfbI/getUpdates "HTTP/1.1 200 OK"
2026-01-15 16:49:14,185 - httpx - INFO - HTTP Request: POST https://api.telegram.org/bot8531462519:AAFvX5PPyB177DUzylwgC8LMIUztrWPYfbI/getUpdates "HTTP/1.1 200 OK"
2026-01-15 16:49:24,224 - httpx - INFO - HTTP Request: POST https://api.telegram.org/bot8531462519:AAFvX5PPyB177DUzylwgC8LMIUztrWPYfbI/getUpdates "HTTP/1.1 200 OK"
2026-01-15 16:49:34,329 - httpx - INFO - HTTP Request: POST https://api.telegram.org/bot8531462519:AAFvX5PPyB177DUzylwgC8LMIUztrWPYfbI/getUpdates "HTTP/1.1 200 OK"
2026-01-15 16:49:44,462 - httpx - INFO - HTTP Request: POST https://api.telegram.org/bot8531462519:AAFvX5PPyB177DUzylwgC8LMIUztrWPYfbI/getUpdates "HTTP/1.1 200 OK"
2026-01-15 16:49:54,501 - httpx - INFO - HTTP Request: POST https://api.telegram.org/bot8531462519:AAFvX5PPyB177DUzylwgC8LMIUztrWPYfbI/getUpdates "HTTP/1.1 200 OK"
2026-01-15 16:50:04,111 - httpx - INFO - HTTP Request: POST https://api.telegram.org/bot8531462519:AAFvX5PPyB177DUzylwgC8LMIUztrWPYfbI/getUpdates "HTTP/1.1 200 OK"
2026-01-15 16:50:04,320 - httpx - INFO - HTTP Request: POST https://api.telegram.org/bot8531462519:AAFvX5PPyB177DUzylwgC8LMIUztrWPYfbI/sendMessage "HTTP/1.1 200 OK"
2026-01-15 16:50:04,321 - __main__ - INFO - 🔍 Ejecutando tracking desde Telegram...
2026-01-15 16:50:04,321 - rank_tracker - INFO - 🚀 Iniciando rastreo de keywords...
2026-01-15 16:50:04,321 - rank_tracker - INFO - [1/83] Buscando 'biblenow' en US...
2026-01-15 16:50:07,737 - rank_tracker - INFO - [2/83] Buscando 'bedtime bible stories' en US...
2026-01-15 16:50:11,464 - rank_tracker - INFO - [3/83] Buscando 'bible bedtime stories' en US...
2026-01-15 16:50:15,371 - rank_tracker - INFO - [4/83] Buscando 'bible sleep' en US...
2026-01-15 16:50:17,622 - rank_tracker - INFO - [5/83] Buscando 'bible bedtime stories' en US...
2026-01-15 16:50:20,226 - rank_tracker - INFO - [6/83] Buscando 'bible sleep stories' en US...
2026-01-15 16:50:24,119 - rank_tracker - INFO - [7/83] Buscando 'bible sleep story' en US...
2026-01-15 16:50:27,853 - rank_tracker - INFO - [8/83] Buscando 'bible stories bedtime' en US...
2026-01-15 16:50:31,599 - rank_tracker - INFO - [9/83] Buscando 'bible for sleep' en US...
2026-01-15 16:50:35,233 - rank_tracker - INFO - [10/83] Buscando 'peaceful bible sleep' en US...
2026-01-15 16:50:37,824 - rank_tracker - INFO - [11/83] Buscando 'scripture bedtime stories' en US...
2026-01-15 16:50:40,561 - rank_tracker - INFO - [12/83] Buscando 'peaceful bible audio' en US...
2026-01-15 16:50:43,103 - rank_tracker - INFO - [13/83] Buscando 'bible relaxation stories' en US...
2026-01-15 16:50:46,260 - rank_tracker - INFO - [14/83] Buscando 'peaceful bible reading' en US...
2026-01-15 16:50:49,887 - rank_tracker - INFO - [15/83] Buscando 'bible calm sleep' en US...
2026-01-15 16:50:53,122 - rank_tracker - INFO - [16/83] Buscando 'bible sleep app' en US...
2026-01-15 16:50:55,846 - rank_tracker - INFO - [17/83] Buscando 'calming prayer audio' en US...
2026-01-15 16:50:59,523 - rank_tracker - INFO - [18/83] Buscando 'bible story narration' en US...
2026-01-15 16:51:02,710 - rank_tracker - INFO - [19/83] Buscando 'kids calming audio bible' en US...
2026-01-15 16:51:05,098 - rank_tracker - INFO - [20/83] Buscando 'scripture audio stories' en US...
2026-01-15 16:51:08,018 - rank_tracker - INFO - [21/83] Buscando 'peaceful bible kids app' en US...
2026-01-15 16:51:10,579 - rank_tracker - INFO - [22/83] Buscando 'healing scripture audio' en US...
2026-01-15 16:51:13,957 - rank_tracker - INFO - [23/83] Buscando 'calming christian audio' en US...
2026-01-15 16:51:16,203 - rank_tracker - INFO - [24/83] Buscando 'relaxing bible kids' en US...
2026-01-15 16:51:18,630 - rank_tracker - INFO - [25/83] Buscando 'calm bible voice' en US...
2026-01-15 16:51:21,493 - rank_tracker - INFO - [26/83] Buscando 'bible for calm' en US...
2026-01-15 16:51:24,442 - rank_tracker - INFO - [27/83] Buscando 'bible stories audio' en US...
2026-01-15 16:51:28,034 - rank_tracker - INFO - [28/83] Buscando 'kids bible narration' en US...
2026-01-15 16:51:30,929 - rank_tracker - INFO - [29/83] Buscando 'bible sleep stories app' en US...
2026-01-15 16:51:34,416 - rank_tracker - INFO - [30/83] Buscando 'relaxing bible audio' en US...
2026-01-15 16:51:37,438 - rank_tracker - INFO - [31/83] Buscando 'guided scripture meditation audio' en US...
2026-01-15 16:51:40,401 - rank_tracker - INFO - [32/83] Buscando 'peaceful verses' en US...
2026-01-15 16:51:44,088 - rank_tracker - INFO - [33/83] Buscando 'calming bible app' en US...
2026-01-15 16:51:48,091 - rank_tracker - INFO - [34/83] Buscando 'bible stories to relax kids' en US...
2026-01-15 16:51:50,397 - rank_tracker - INFO - [35/83] Buscando 'bible verses sleep audio' en US...
2026-01-15 16:51:53,775 - rank_tracker - INFO - [36/83] Buscando 'relaxing scripture app' en US...
2026-01-15 16:51:56,507 - rank_tracker - INFO - [37/83] Buscando 'bible night meditation' en US...
2026-01-15 16:52:00,511 - rank_tracker - INFO - [38/83] Buscando 'audio bible stories' en US...
2026-01-15 16:52:03,153 - rank_tracker - INFO - [39/83] Buscando 'bedtime bible audio' en US...
2026-01-15 16:52:06,675 - rank_tracker - INFO - [40/83] Buscando 'audio bible bedtime' en US...
2026-01-15 16:52:09,372 - rank_tracker - INFO - [41/83] Buscando 'bible stories for sleep' en US...
2026-01-15 16:52:13,346 - rank_tracker - INFO - [42/83] Buscando 'bible chat app' en US...
2026-01-15 16:52:17,114 - rank_tracker - INFO - [43/83] Buscando 'listen to the bible' en US...
2026-01-15 16:52:19,410 - rank_tracker - INFO - [44/83] Buscando 'bible ai chat' en US...
2026-01-15 16:52:23,144 - rank_tracker - INFO - [45/83] Buscando 'bible chat gpt' en US...
2026-01-15 16:52:26,162 - rank_tracker - INFO - [46/83] Buscando 'sleep bible audio' en US...
2026-01-15 16:52:29,916 - rank_tracker - INFO - [47/83] Buscando 'bible meditation audio' en US...
2026-01-15 16:52:32,669 - rank_tracker - INFO - [48/83] Buscando 'soothing bible meditation' en US...
2026-01-15 16:52:35,072 - rank_tracker - INFO - [49/83] Buscando 'bible bedtime app' en US...
2026-01-15 16:52:38,412 - rank_tracker - INFO - [50/83] Buscando 'bedtime prayer audio' en US...
2026-01-15 16:52:42,263 - rank_tracker - INFO - [51/83] Buscando 'bible meditation' en US...
2026-01-15 16:52:44,721 - rank_tracker - INFO - [52/83] Buscando 'relaxing bible app' en US...
2026-01-15 16:52:47,619 - rank_tracker - INFO - [53/83] Buscando 'personal bible trainer' en US...
2026-01-15 16:52:50,940 - rank_tracker - INFO - [54/83] Buscando 'bible reading' en US...
2026-01-15 16:52:53,287 - rank_tracker - INFO - [55/83] Buscando 'kids bible study' en US...
2026-01-15 16:52:57,114 - rank_tracker - INFO - [56/83] Buscando 'scripture notes' en US...
2026-01-15 16:52:59,663 - rank_tracker - INFO - [57/83] Buscando 'bible for anxiety' en US...
2026-01-15 16:53:02,283 - rank_tracker - INFO - [58/83] Buscando 'bible meditation bedtime' en US...
2026-01-15 16:53:05,039 - rank_tracker - INFO - [59/83] Buscando 'children's bible stories' en US...
2026-01-15 16:53:08,990 - rank_tracker - INFO - [60/83] Buscando 'bible stories for kids' en US...
2026-01-15 16:53:11,467 - rank_tracker - INFO - [61/83] Buscando 'devotional bible' en US...
2026-01-15 16:53:14,955 - rank_tracker - INFO - [62/83] Buscando 'bible for anxiety relief' en US...
2026-01-15 16:53:18,146 - rank_tracker - INFO - [63/83] Buscando 'bible meditation for kids' en US...
2026-01-15 16:53:20,697 - rank_tracker - INFO - [64/83] Buscando 'relaxing bible bedtime kids' en US...
2026-01-15 16:53:24,504 - rank_tracker - INFO - [65/83] Buscando 'faith ai bible' en US...
2026-01-15 16:53:26,742 - rank_tracker - INFO - [66/83] Buscando 'the bible chat' en US...
2026-01-15 16:53:29,525 - rank_tracker - INFO - [67/83] Buscando 'bible chat' en US...
2026-01-15 16:53:32,556 - rank_tracker - INFO - [68/83] Buscando 'chat with god' en US...
2026-01-15 16:53:36,298 - rank_tracker - INFO - [69/83] Buscando 'ai bible chat' en US...
2026-01-15 16:53:40,296 - rank_tracker - INFO - [70/83] Buscando 'haven bible chat' en US...
2026-01-15 16:53:44,017 - rank_tracker - INFO - [71/83] Buscando 'the bible project' en US...
2026-01-15 16:53:46,837 - rank_tracker - INFO - [72/83] Buscando 'bible chat: daily devotional' en US...
2026-01-15 16:53:49,386 - rank_tracker - INFO - [73/83] Buscando 'bsf bible study' en US...
2026-01-15 16:53:51,929 - rank_tracker - INFO - [74/83] Buscando 'audio bible app free' en US...
2026-01-15 16:53:55,088 - rank_tracker - INFO - [75/83] Buscando 'bible path' en US...
2026-01-15 16:53:57,359 - rank_tracker - INFO - [76/83] Buscando 'bibleproject' en US...
2026-01-15 16:53:59,776 - rank_tracker - INFO - [77/83] Buscando 'bible path: daily devotional' en US...
2026-01-15 16:54:02,041 - rank_tracker - INFO - [78/83] Buscando 'abide bible sleep meditation' en US...
2026-01-15 16:54:05,116 - rank_tracker - INFO - [79/83] Buscando 'bible reading tracker' en US...
2026-01-15 16:54:08,122 - rank_tracker - INFO - [80/83] Buscando 'biblechat' en US...
2026-01-15 16:54:10,584 - rank_tracker - INFO - [81/83] Buscando 'the biblechat' en US...
2026-01-15 16:54:14,202 - rank_tracker - INFO - [82/83] Buscando 'free bible chat' en US...
2026-01-15 16:54:16,627 - rank_tracker - INFO - [83/83] Buscando 'daily audio bible' en US...
2026-01-15 16:54:20,307 - rank_tracker - INFO - ✅ Rastreo completado: 83 checks realizados
2026-01-15 16:54:20,307 - rank_tracker - INFO - 🔍 Verificando alertas automáticas...
2026-01-15 16:54:20,319 - auto_notifier - INFO - 🔍 Comparando 2026-01-15 vs 2026-01-15
2026-01-15 16:54:20,321 - auto_notifier - INFO - ✅ Se detectaron 1 alertas
2026-01-15 16:54:20,336 - telegram_alerts - INFO - ✅ Telegram inicializado correctamente
2026-01-15 16:54:20,499 - telegram_alerts - INFO - ✅ Mensaje Telegram enviado correctamente
2026-01-15 16:54:20,502 - rank_tracker - INFO - 🔔 1 alertas enviadas por Telegram
2026-01-15 16:54:20,523 - httpx - INFO - HTTP Request: POST https://api.telegram.org/bot8531462519:AAFvX5PPyB177DUzylwgC8LMIUztrWPYfbI/getUpdates "HTTP/1.1 200 OK"
2026-01-15 16:54:20,663 - httpx - INFO - HTTP Request: POST https://api.telegram.org/bot8531462519:AAFvX5PPyB177DUzylwgC8LMIUztrWPYfbI/sendMessage "HTTP/1.1 200 OK"
2026-01-15 16:54:30,568 - httpx - INFO - HTTP Request: POST https://api.telegram.org/bot8531462519:AAFvX5PPyB177DUzylwgC8LMIUztrWPYfbI/getUpdates "HTTP/1.1 200 OK"
2026-01-15 16:54:40,706 - httpx - INFO - HTTP Request: POST https://api.telegram.org/bot8531462519:AAFvX5PPyB177DUzylwgC8LMIUztrWPYfbI/getUpdates "HTTP/1.1 200 OK"
2026-01-15 16:54:50,842 - httpx - INFO - HTTP Request: POST https://api.telegram.org/bot8531462519:AAFvX5PPyB177DUzylwgC8LMIUztrWPYfbI/getUpdates "HTTP/1.1 200 OK"
2026-01-15 16:55:00,882 - httpx - INFO - HTTP Request: POST https://api.telegram.org/bot8531462519:AAFvX5PPyB177DUzylwgC8LMIUztrWPYfbI/getUpdates "HTTP/1.1 200 OK"
2026-01-15 16:55:11,014 - httpx - INFO - HTTP Request: POST https://api.telegram.org/bot8531462519:AAFvX5PPyB177DUzylwgC8LMIUztrWPYfbI/getUpdates "HTTP/1.1 200 OK"
2026-01-15 16:55:21,052 - httpx - INFO - HTTP Request: POST https://api.telegram.org/bot8531462519:AAFvX5PPyB177DUzylwgC8LMIUztrWPYfbI/getUpdates "HTTP/1.1 200 OK"
2026-01-15 16:55:31,191 - httpx - INFO - HTTP Request: POST https://api.telegram.org/bot8531462519:AAFvX5PPyB177DUzylwgC8LMIUztrWPYfbI/getUpdates "HTTP/1.1 200 OK"
2026-01-15 16:55:41,235 - httpx - INFO - HTTP Request: POST https://api.telegram.org/bot8531462519:AAFvX5PPyB177DUzylwgC8LMIUztrWPYfbI/getUpdates "HTTP/1.1 200 OK"
2026-01-15 16:55:51,362 - httpx - INFO - HTTP Request: POST https://api.telegram.org/bot8531462519:AAFvX5PPyB177DUzylwgC8LMIUztrWPYfbI/getUpdates "HTTP/1.1 200 OK"
2026-01-15 16:56:01,408 - httpx - INFO - HTTP Request: POST https://api.telegram.org/bot8531462519:AAFvX5PPyB177DUzylwgC8LMIUztrWPYfbI/getUpdates "HTTP/1.1 200 OK"
2026-01-15 16:56:11,503 - httpx - INFO - HTTP Request: POST https://api.telegram.org/bot8531462519:AAFvX5PPyB177DUzylwgC8LMIUztrWPYfbI/getUpdates "HTTP/1.1 200 OK"
2026-01-15 16:56:21,543 - httpx - INFO - HTTP Request: POST https://api.telegram.org/bot8531462519:AAFvX5PPyB177DUzylwgC8LMIUztrWPYfbI/getUpdates "HTTP/1.1 200 OK"
2026-01-15 16:56:31,611 - httpx - INFO - HTTP Request: POST https://api.telegram.org/bot8531462519:AAFvX5PPyB177DUzylwgC8LMIUztrWPYfbI/getUpdates "HTTP/1.1 200 OK"
2026-01-15 16:56:41,654 - httpx - INFO - HTTP Request: POST https://api.telegram.org/bot8531462519:AAFvX5PPyB177DUzylwgC8LMIUztrWPYfbI/getUpdates "HTTP/1.1 200 OK"
2026-01-15 16:56:51,695 - httpx - INFO - HTTP Request: POST https://api.telegram.org/bot8531462519:AAFvX5PPyB177DUzylwgC8LMIUztrWPYfbI/getUpdates "HTTP/1.1 200 OK"
2026-01-15 16:57:01,735 - httpx - INFO - HTTP Request: POST https://api.telegram.org/bot8531462519:AAFvX5PPyB177DUzylwgC8LMIUztrWPYfbI/getUpdates "HTTP/1.1 200 OK"
2026-01-15 16:57:11,776 - httpx - INFO - HTTP Request: POST https://api.telegram.org/bot8531462519:AAFvX5PPyB177DUzylwgC8LMIUztrWPYfbI/getUpdates "HTTP/1.1 200 OK"
2026-01-15 16:57:15,955 - httpx - INFO - HTTP Request: POST https://api.telegram.org/bot8531462519:AAFvX5PPyB177DUzylwgC8LMIUztrWPYfbI/getUpdates "HTTP/1.1 200 OK"
2026-01-15 16:57:15,959 - telegram.ext.Application - INFO - Application is stopping. This might take a moment.
2026-01-15 16:57:15,960 - telegram.ext.Application - INFO - Application.stop() complete
